#
# A fatal error has been detected by the Java Runtime Environment:
#
#  SIGBUS (0xa) at pc=0x0000000109a9d4f0, pid=9752, tid=29187
#
# JRE version: Java(TM) SE Runtime Environment (17.0.1+12) (build 17.0.1+12-LTS-39)
# Java VM: Java HotSpot(TM) 64-Bit Server VM (17.0.1+12-LTS-39, mixed mode, sharing, tiered, compressed oops, compressed class ptrs, g1 gc, bsd-aarch64)
# Problematic frame:
# v  ~StubRoutines::SafeFetchN
#
# No core dump will be written. Core dumps have been disabled. To enable core dumping, try "ulimit -c unlimited" before starting Java again
#
# If you would like to submit a bug report, please visit:
#   https://bugreport.java.com/bugreport/crash.jsp
# The crash happened outside the Java Virtual Machine in native code.
# See problematic frame for where to report the bug.
#

---------------  S U M M A R Y ------------

Command Line: --module-path=/Users/philosamuel/Documents/javafx-sdk-17.0.1/lib --add-modules=javafx.controls,javafx.fxml -Djava.library.path=/Users/philosamuel/Documents/javafx-sdk-17.0.1/lib -javaagent:/Applications/IntelliJ IDEA.app/Contents/lib/idea_rt.jar=56668:/Applications/IntelliJ IDEA.app/Contents/bin -Dfile.encoding=UTF-8 sample.Main

Host: "MacBookPro17,1" arm64 1 MHz, 8 cores, 8G, Darwin 21.4.0, macOS 12.3.1 (21E258)
Time: Tue May  3 20:38:47 2022 EET elapsed time: 11.056331 seconds (0d 0h 0m 11s)

---------------  T H R E A D  ---------------

Current thread (0x000000012880b400):  JavaThread "InvokeLaterDispatcher" daemon [_thread_in_native, id=29187, stack(0x0000000172710000,0x0000000172913000)]

Stack: [0x0000000172710000,0x0000000172913000],  sp=0x00000001729127d0,  free space=2057k
Native frames: (J=compiled Java code, j=interpreted, Vv=VM code, C=native code)
v  ~StubRoutines::SafeFetchN
V  [libjvm.dylib+0x79e208]  OopStorage::release(oopDesc* const*)+0x20
V  [libjvm.dylib+0x4b8f30]  jni_DeleteGlobalRef+0xc4
C  [libglass.dylib+0xab08]  -[GlassRunnable dealloc]+0x34
C  [Foundation+0x85618]  -[_NSThreadPerformInfo dealloc]+0x30
C  [Foundation+0x5198c]  -[NSObject(NSThreadPerformAdditions) performSelectorOnMainThread:withObject:waitUntilDone:]+0x88
C  0x826080011166424c
J 2298 c1 com.sun.glass.ui.mac.MacApplication.submitForLaterInvocation(Ljava/lang/Runnable;)V javafx.graphics (6 bytes) @ 0x000000010a448658 [0x000000010a4485c0+0x0000000000000098]
C  0x0000000786835708

Java frames: (J=compiled Java code, j=interpreted, Vv=VM code)
J 2401  com.sun.glass.ui.mac.MacApplication._submitForLaterInvocation(Ljava/lang/Runnable;)V javafx.graphics (0 bytes) @ 0x000000011166424c [0x00000001116641c0+0x000000000000008c]
J 2298 c1 com.sun.glass.ui.mac.MacApplication.submitForLaterInvocation(Ljava/lang/Runnable;)V javafx.graphics (6 bytes) @ 0x000000010a448658 [0x000000010a4485c0+0x0000000000000098]
j  com.sun.glass.ui.InvokeLaterDispatcher.run()V+82 javafx.graphics
v  ~StubRoutines::call_stub

siginfo: si_signo: 10 (SIGBUS), si_code: 1 (BUS_ADRALN), si_addr: 0x0000000109a9d4f0

Register to memory mapping:

 x0=0x000000012b005888 is a global jni handle
 x1=0x0 is NULL
 x2=0x0000000786307690 is an oop: com.sun.glass.ui.InvokeLaterDispatcher$Future 
{0x0000000786307690} - klass: 'com/sun/glass/ui/InvokeLaterDispatcher$Future'
 - ---- fields (total size 3 words):
 - private 'done' 'Z' @12  true
 - private final 'runnable' 'Ljava/lang/Runnable;' @16  a 'com/sun/javafx/application/PlatformImpl$$Lambda$101+0x0000000800c85920'{0x00000007859452d8} (f0b28a5b)
 - final synthetic 'this$0' 'Lcom/sun/glass/ui/InvokeLaterDispatcher;' @20  a 'com/sun/glass/ui/InvokeLaterDispatcher'{0x0000000786835708} (f0d06ae1)
 x3=0x0 is NULL
 x4=0x00000000000130a8 is an unknown value
 x5=0x0 is NULL
 x6=0x0 is NULL
 x7=0x0 is NULL
 x8=0x0000000109a9d4ec is at begin+0 in a stub
StubRoutines::SafeFetchN [0x0000000109a9d4ec, 0x0000000109a9d4f8] (12 bytes)
 x9=0x0 is NULL
x10=0x2010000030300000 is an unknown value
x11=0x0000000000000007 is an unknown value
x12=0x0000000000000004 is an unknown value
x13=0x00006000008e4d10 points into unknown readable memory: 0xd85e8001a08b7c40 | 40 7c 8b a0 01 80 5e d8
x14=0x0000140000000000 is an unknown value
x15=0x000000011ef95f98: OBJC_CLASS_$_GlassRunnable+0 in /Users/philosamuel/Documents/javafx-sdk-17.0.1/lib/libglass.dylib at 0x000000011ef50000
x16=0x00000001a0a210fc: pthread_getspecific+0 in /usr/lib/system/libsystem_pthread.dylib at 0x00000001a0a1f000
x17=0x00006000002b97a0 points into unknown readable memory: 0xfffffffffffffffe | fe ff ff ff ff ff ff ff
x18=0x0 is NULL
x19=0x0000600000dac0e0 points into unknown readable memory: 0x00006000024b0160 | 60 01 4b 02 00 60 00 00
x20=0x000000012b005680 points into unknown readable memory: 0x000000000000007f | 7f 00 00 00 00 00 00 00
x21=0x000000012b005888 is a global jni handle
x22=0x000000012880b400 is a thread
x23=0x0000000000000001 is an unknown value
x24=0x000000012b005840 is a global jni handle
x25=0x0000000101fc95d8: _ZN12StubRoutines17_safefetchN_entryE+0 in /Library/Java/JavaVirtualMachines/jdk-17.0.1.jdk/Contents/Home/lib/server/libjvm.dylib at 0x0000000101438000
x26=0x000000011fd18c80 is pointing into metadata
x27=0x0 is NULL
x28=0x000000012880b400 is a thread


Registers:
 x0=0x000000012b005888  x1=0x0000000000000000  x2=0x0000000786307690  x3=0x0000000000000000
 x4=0x00000000000130a8  x5=0x0000000000000000  x6=0x0000000000000000  x7=0x0000000000000000
 x8=0x0000000109a9d4ec  x9=0x0000000000000000 x10=0x2010000030300000 x11=0x0000000000000007
x12=0x0000000000000004 x13=0x00006000008e4d10 x14=0x0000140000000000 x15=0x000000011ef95f98
x16=0x00000001a0a210fc x17=0x00006000002b97a0 x18=0x0000000000000000 x19=0x0000600000dac0e0
x20=0x000000012b005680 x21=0x000000012b005888 x22=0x000000012880b400 x23=0x0000000000000001
x24=0x000000012b005840 x25=0x0000000101fc95d8 x26=0x000000011fd18c80 x27=0x0000000000000000
x28=0x000000012880b400  fp=0x0000000172912810  lr=0x0000000101bd4fd8  sp=0x00000001729127d0
pc=0x0000000109a9d4f0 cpsr=0x0000000060001000
Top of Stack: (sp=0x00000001729127d0)
0x00000001729127d0:   000000011fd18c80 0000000000000001
0x00000001729127e0:   0000000800c2aa08 00006000024ae390
0x00000001729127f0:   0000000000000000 000000012b005870
0x0000000172912800:   000000012b005870 0000600000dac0e0
0x0000000172912810:   0000000172912850 0000000101bd6208
0x0000000172912820:   0000000000000001 000000012b005870
0x0000000172912830:   0000000000000000 000000012b005870
0x0000000172912840:   0000000000000001 0000000128810600
0x0000000172912850:   0000000172912880 00000001018f0f30
0x0000000172912860:   00006000024ae250 00000001eaae6be0
0x0000000172912870:   0000000000000000 00006000024ae250
0x0000000172912880:   00000001729128b0 000000011ef5ab08
0x0000000172912890:   ef1e23efb0d00026 0000000000000000
0x00000001729128a0:   0000000000000000 0000600003374c00
0x00000001729128b0:   00000001729128f0 00000001a19ee618
0x00000001729128c0:   0000000800c2aa08 00006000024ae390
0x00000001729128d0:   00006000024ae250 ef1e23efb0d00026
0x00000001729128e0:   0000000000000000 0000000000000000
0x00000001729128f0:   0000000172912930 fe528001a19ba98c
0x0000000172912900:   0000000800c2aa08 0000000109aa47c0
0x0000000172912910:   000000011fd186da 0000000101fd0f90
0x0000000172912920:   0000000172912a10 00000000000000b9
0x0000000172912930:   0000000172912990 826080011166424c
0x0000000172912940:   0000000786827708 0000000786307690
0x0000000172912950:   0000000172912ab8 00000001a0a2d630
0x0000000172912960:   000000012880b400 0000000101faddb0
0x0000000172912970:   0000000172912a20 0000000000000001
0x0000000172912980:   00000001729129c0 000000078676a758
0x0000000172912990:   0000000172912a80 000000010a448658
0x00000001729129a0:   0000000786307690 00000007859452d8
0x00000001729129b0:   0000000172912a18 00000000000000b6
0x00000001729129c0:   0000000172912a80 244a000109ab32a0 

Instructions: (pc=0x0000000109a9d4f0)
0x0000000109a9d3f0:   f2a03f29 f2c00029 6d425935 1e640886
0x0000000109a9d400:   0c402d31 1e6408c7 1f5654d0 1e6c1017
0x0000000109a9d410:   1f5050d0 1f504cd0 1f5048d0 1e650af6
0x0000000109a9d420:   1f50d8f6 1f5694d6 1f5158f6 1e762880
0x0000000109a9d430:   36000501 1e614000 14000026 2e251ca5
0x0000000109a9d440:   d28c3009 f2a03f29 f2c00029 6d425d36
0x0000000109a9d450:   1e600806 0c402d32 1f5758c7 1e6c101a
0x0000000109a9d460:   1f4754c7 1e650805 1f4750c7 d2866668
0x0000000109a9d470:   f2a7fa68 1f474cc7 1e6608c0 1f4748c7
0x0000000109a9d480:   1e6e1019 eb08007f 540000ac 1f479400
0x0000000109a9d490:   1f460340 1e603b20 1400000e d2a7fd29
0x0000000109a9d4a0:   eb09007f 540000ac 51480069 d3607d29
0x0000000109a9d4b0:   9e670121 14000002 1e6a5001 1f679417
0x0000000109a9d4c0:   1f668742 1e613b23 1e773857 1e773860
0x0000000109a9d4d0:   a8c17ff3 910003bf a8c17bfd d65f03c0
0x0000000109a9d4e0:   b9400001 aa0103e0 d65f03c0 f9400001
0x0000000109a9d4f0:   aa0103e0 d65f03c0 00000000 00000000
0x0000000109a9d500:   00000000 00000000 00000000 00000000
0x0000000109a9d510:   00000000 00000000 00000000 00000000
0x0000000109a9d520:   00000000 00000000 00000000 00000000
0x0000000109a9d530:   00000000 00000000 00000000 00000000
0x0000000109a9d540:   00000000 00000000 00000000 00000000
0x0000000109a9d550:   00000000 00000000 00000000 00000000
0x0000000109a9d560:   00000000 00000000 00000000 00000000
0x0000000109a9d570:   00000000 00000000 00000000 00000000
0x0000000109a9d580:   00000000 00000000 00000000 00000000
0x0000000109a9d590:   00000000 00000000 00000000 00000000
0x0000000109a9d5a0:   00000000 00000000 00000000 00000000
0x0000000109a9d5b0:   00000000 00000000 00000000 00000000
0x0000000109a9d5c0:   00000000 00000000 00000000 00000000
0x0000000109a9d5d0:   00000000 00000000 00000000 00000000
0x0000000109a9d5e0:   00000000 00000000 00000000 00000000 


Stack slot to memory mapping:
stack at sp + 0 slots: 0x000000011fd18c80 is pointing into metadata
stack at sp + 1 slots: 0x0000000000000001 is an unknown value
stack at sp + 2 slots: 0x0000000800c2aa08 is a pointer to class: 
com.sun.glass.ui.mac.MacApplication {0x0000000800c2aa08}
 - instance size:     5
 - klass size:        136
 - access:            final synchronized 
 - state:             fully_initialized
 - name:              'com/sun/glass/ui/mac/MacApplication'
 - super:             'com/sun/glass/ui/Application'
 - sub:               
 - arrays:            NULL
 - methods:           Array<T>(0x000000011fcef7c8)
 - method ordering:   Array<T>(0x0000000800918908)
 - default_methods:   Array<T>(0x0000000000000000)
 - local interfaces:  Array<T>(0x000000011fcf1168)
 - trans. interfaces: Array<T>(0x000000011fcf1168)
 - constants:         constant pool [548]/operands[69] {0x000000011fcf0000} for 'com/sun/glass/ui/mac/MacApplication' cache=0x000000011fd16618
 - class loader data:  loader data: 0x00006000017b4280 for instance a 'jdk/internal/loader/ClassLoaders$AppClassLoader'{0x00000007868359d0}
 - source file:       'MacApplication.java'
 - class annotations:       Array<T>(0x0000000000000000)
 - class type annotations:  Array<T>(0x0000000000000000)
 - field annotations:       Array<T>(0x0000000000000000)
 - field type annotations:  Array<T>(0x0000000000000000)
 - inner classes:     Array<T>(0x000000011fcf4030)
 - nest members:     Array<T>(0x000000011fcf4088)
 - permitted subclasses:     Array<T>(0x00000008005c37e0)
 - java mirror:       a 'java/lang/Class'{0x0000000786827690} = 'com/sun/glass/ui/mac/MacApplication'
 - vtable length      72  (start addr: 0x0000000800c2abd8)
 - itable length      5 (start addr: 0x0000000800c2ae18)
 - ---- static fields (1 words):
 - static final 'BROWSER_PARENT_ID' 'J' @112 
 - ---- non-static fields (7 words):
 - private 'initialActiveEventReceived' 'Z' @12 
 - private 'terminateWhenLastWindowClosed' 'Z' @13 
 - protected 'name' 'Ljava/lang/String;' @16 
 - private 'eventHandler' 'Lcom/sun/glass/ui/Application$EventHandler;' @20 
 - private 'initialOpenedFiles' '[Ljava/lang/String;' @24 
 - private 'isTaskbarApplication' 'Z' @14 
 - private 'firstDidResignActive' 'Z' @15 
 - private final 'invokeLaterDispatcher' 'Lcom/sun/glass/ui/InvokeLaterDispatcher;' @28 
 - private 'appleMenu' 'Lcom/sun/glass/ui/Menu;' @32 
 - private final 'reactivationLatch' 'Ljava/util/concurrent/CountDownLatch;' @36 
 - non-static oop maps: 16-36 
stack at sp + 3 slots: 0x00006000024ae390 points into unknown readable memory: 0x01000001f91d2011 | 11 20 1d f9 01 00 00 01
stack at sp + 4 slots: 0x0 is NULL
stack at sp + 5 slots: 0x000000012b005870 is a global jni handle
stack at sp + 6 slots: 0x000000012b005870 is a global jni handle
stack at sp + 7 slots: 0x0000600000dac0e0 points into unknown readable memory: 0x00006000024b0160 | 60 01 4b 02 00 60 00 00

StubRoutines::SafeFetchN [0x0000000109a9d4ec, 0x0000000109a9d4f8] (12 bytes)
[MachCode]
  0x0000000109a9d4ec: 0100 40f9 | e003 01aa | c003 5fd6 
[/MachCode]

---------------  P R O C E S S  ---------------

Threads class SMR info:
_java_thread_list=0x000060000267f5e0, length=20, elements={
0x000000013a809000, 0x0000000128008200, 0x000000011f016200, 0x000000012a817a00,
0x000000012a814a00, 0x000000012a815000, 0x000000013a809c00, 0x000000013a814a00,
0x000000013a834e00, 0x000000013b025e00, 0x000000013a00dc00, 0x000000013a837000,
0x0000000128019200, 0x000000012880b400, 0x0000000128810600, 0x000000013a140e00,
0x000000013a258a00, 0x0000000128844e00, 0x000000012881e000, 0x000000013a62d200
}

Java Threads: ( => current thread )
  0x000000013a809000 JavaThread "main" [_thread_blocked, id=9731, stack(0x000000016fd08000,0x000000016ff0b000)]
  0x0000000128008200 JavaThread "Reference Handler" daemon [_thread_blocked, id=16899, stack(0x0000000170b5c000,0x0000000170d5f000)]
  0x000000011f016200 JavaThread "Finalizer" daemon [_thread_blocked, id=17923, stack(0x0000000170d68000,0x0000000170f6b000)]
  0x000000012a817a00 JavaThread "Signal Dispatcher" daemon [_thread_blocked, id=22531, stack(0x000000017108c000,0x000000017128f000)]
  0x000000012a814a00 JavaThread "Service Thread" daemon [_thread_blocked, id=23043, stack(0x0000000171298000,0x000000017149b000)]
  0x000000012a815000 JavaThread "Monitor Deflation Thread" daemon [_thread_blocked, id=41731, stack(0x00000001714a4000,0x00000001716a7000)]
  0x000000013a809c00 JavaThread "C2 CompilerThread0" daemon [_thread_blocked, id=23555, stack(0x00000001716b0000,0x00000001718b3000)]
  0x000000013a814a00 JavaThread "C1 CompilerThread0" daemon [_thread_blocked, id=23811, stack(0x00000001718bc000,0x0000000171abf000)]
  0x000000013a834e00 JavaThread "Sweeper thread" daemon [_thread_blocked, id=41219, stack(0x0000000171ac8000,0x0000000171ccb000)]
  0x000000013b025e00 JavaThread "Common-Cleaner" daemon [_thread_blocked, id=24323, stack(0x0000000171cd4000,0x0000000171ed7000)]
  0x000000013a00dc00 JavaThread "Monitor Ctrl-Break" daemon [_thread_in_native, id=24835, stack(0x0000000171ee0000,0x00000001720e3000)]
  0x000000013a837000 JavaThread "Notification Thread" daemon [_thread_blocked, id=25091, stack(0x00000001720ec000,0x00000001722ef000)]
  0x0000000128019200 JavaThread "QuantumRenderer-0" daemon [_thread_blocked, id=40451, stack(0x0000000172504000,0x0000000172707000)]
=>0x000000012880b400 JavaThread "InvokeLaterDispatcher" daemon [_thread_in_native, id=29187, stack(0x0000000172710000,0x0000000172913000)]
  0x0000000128810600 JavaThread "JavaFX Application Thread" [_thread_in_vm, id=259, stack(0x000000016f480000,0x000000016fc7c000)]
  0x000000013a140e00 JavaThread "JavaFX-Launcher" [_thread_blocked, id=77319, stack(0x0000000172bb4000,0x0000000172db7000)]
  0x000000013a258a00 JavaThread "Prism Font Disposer" daemon [_thread_blocked, id=58887, stack(0x00000001737fc000,0x00000001739ff000)]
  0x0000000128844e00 JavaThread "Cleaner-0" daemon [_thread_blocked, id=172807, stack(0x0000000173b20000,0x0000000173d23000)]
  0x000000012881e000 JavaThread "Attach Listener" daemon [_thread_blocked, id=71723, stack(0x0000000173d2c000,0x0000000173f2f000)]
  0x000000013a62d200 JavaThread "PulseTimer-CVDisplayLink thread" daemon [_thread_in_native, id=172051, stack(0x000000017291c000,0x000000017299f000)]

Other Threads:
  0x000000012b004ae0 VMThread "VM Thread" [stack: 0x0000000170950000,0x0000000170b53000] [id=16387]
  0x0000000129f09dc0 WatcherThread [stack: 0x00000001722f8000,0x00000001724fb000] [id=25603]
  0x000000013b806120 GCTaskThread "GC Thread#0" [stack: 0x000000016ff14000,0x0000000170117000] [id=13571]
  0x000000013b82d780 GCTaskThread "GC Thread#1" [stack: 0x0000000172dc0000,0x0000000172fc3000] [id=57859]
  0x000000013b82dc00 GCTaskThread "GC Thread#2" [stack: 0x0000000172fcc000,0x00000001731cf000] [id=73475]
  0x000000013b82e470 GCTaskThread "GC Thread#3" [stack: 0x00000001731d8000,0x00000001733db000] [id=72963]
  0x000000013b82ece0 GCTaskThread "GC Thread#4" [stack: 0x00000001733e4000,0x00000001735e7000] [id=58371]
  0x000000013b82f550 GCTaskThread "GC Thread#5" [stack: 0x00000001735f0000,0x00000001737f3000] [id=72195]
  0x0000000129e04410 ConcurrentGCThread "G1 Main Marker" [stack: 0x0000000170120000,0x0000000170323000] [id=20995]
  0x0000000129e04c90 ConcurrentGCThread "G1 Conc#0" [stack: 0x000000017032c000,0x000000017052f000] [id=19971]
  0x0000000139e05870 ConcurrentGCThread "G1 Refine#0" [stack: 0x0000000170538000,0x000000017073b000] [id=14595]
  0x0000000129e05500 ConcurrentGCThread "G1 Service" [stack: 0x0000000170744000,0x0000000170947000] [id=19715]

Threads with active compile tasks:

VM state: not at safepoint (normal execution)

VM Mutex/Monitor currently owned by a thread: None

Heap address: 0x0000000780000000, size: 2048 MB, Compressed Oops mode: Zero based, Oop shift amount: 3

CDS archive(s) mapped at: [0x0000000800000000-0x0000000800bd4000-0x0000000800bd4000), size 12402688, SharedBaseAddress: 0x0000000800000000, ArchiveRelocationMode: 0.
Compressed class space mapped at: 0x0000000800c00000-0x0000000840c00000, reserved size: 1073741824
Narrow klass base: 0x0000000800000000, Narrow klass shift: 0, Narrow klass range: 0x100000000

GC Precious Log:
 CPUs: 8 total, 8 available
 Memory: 8192M
 Large Page Support: Disabled
 NUMA Support: Disabled
 Compressed Oops: Enabled (Zero based)
 Heap Region Size: 1M
 Heap Min Capacity: 8M
 Heap Initial Capacity: 128M
 Heap Max Capacity: 2G
 Pre-touch: Disabled
 Parallel Workers: 8
 Concurrent Workers: 2
 Concurrent Refinement Workers: 8
 Periodic GC: Disabled

Heap:
 garbage-first heap   total 133120K, used 41952K [0x0000000780000000, 0x0000000800000000)
  region size 1024K, 39 young (39936K), 3 survivors (3072K)
 Metaspace       used 14930K, committed 15168K, reserved 1064960K
  class space    used 2170K, committed 2304K, reserved 1048576K

Heap Regions: E=young(eden), S=young(survivor), O=old, HS=humongous(starts), HC=humongous(continues), CS=collection set, F=free, OA=open archive, CA=closed archive, TAMS=top-at-mark-start (previous, next)
|   0|0x0000000780000000, 0x0000000780100000, 0x0000000780100000|100%|HS|  |TAMS 0x0000000780000000, 0x0000000780000000| Complete 
|   1|0x0000000780100000, 0x0000000780200000, 0x0000000780200000|100%|HC|  |TAMS 0x0000000780100000, 0x0000000780100000| Complete 
|   2|0x0000000780200000, 0x0000000780200000, 0x0000000780300000|  0%| F|  |TAMS 0x0000000780200000, 0x0000000780200000| Untracked 
|   3|0x0000000780300000, 0x0000000780300000, 0x0000000780400000|  0%| F|  |TAMS 0x0000000780300000, 0x0000000780300000| Untracked 
|   4|0x0000000780400000, 0x0000000780400000, 0x0000000780500000|  0%| F|  |TAMS 0x0000000780400000, 0x0000000780400000| Untracked 
|   5|0x0000000780500000, 0x0000000780500000, 0x0000000780600000|  0%| F|  |TAMS 0x0000000780500000, 0x0000000780500000| Untracked 
|   6|0x0000000780600000, 0x0000000780600000, 0x0000000780700000|  0%| F|  |TAMS 0x0000000780600000, 0x0000000780600000| Untracked 
|   7|0x0000000780700000, 0x0000000780700000, 0x0000000780800000|  0%| F|  |TAMS 0x0000000780700000, 0x0000000780700000| Untracked 
|   8|0x0000000780800000, 0x0000000780800000, 0x0000000780900000|  0%| F|  |TAMS 0x0000000780800000, 0x0000000780800000| Untracked 
|   9|0x0000000780900000, 0x0000000780900000, 0x0000000780a00000|  0%| F|  |TAMS 0x0000000780900000, 0x0000000780900000| Untracked 
|  10|0x0000000780a00000, 0x0000000780a00000, 0x0000000780b00000|  0%| F|  |TAMS 0x0000000780a00000, 0x0000000780a00000| Untracked 
|  11|0x0000000780b00000, 0x0000000780b00000, 0x0000000780c00000|  0%| F|  |TAMS 0x0000000780b00000, 0x0000000780b00000| Untracked 
|  12|0x0000000780c00000, 0x0000000780c00000, 0x0000000780d00000|  0%| F|  |TAMS 0x0000000780c00000, 0x0000000780c00000| Untracked 
|  13|0x0000000780d00000, 0x0000000780d00000, 0x0000000780e00000|  0%| F|  |TAMS 0x0000000780d00000, 0x0000000780d00000| Untracked 
|  14|0x0000000780e00000, 0x0000000780e00000, 0x0000000780f00000|  0%| F|  |TAMS 0x0000000780e00000, 0x0000000780e00000| Untracked 
|  15|0x0000000780f00000, 0x0000000780f00000, 0x0000000781000000|  0%| F|  |TAMS 0x0000000780f00000, 0x0000000780f00000| Untracked 
|  16|0x0000000781000000, 0x0000000781000000, 0x0000000781100000|  0%| F|  |TAMS 0x0000000781000000, 0x0000000781000000| Untracked 
|  17|0x0000000781100000, 0x0000000781100000, 0x0000000781200000|  0%| F|  |TAMS 0x0000000781100000, 0x0000000781100000| Untracked 
|  18|0x0000000781200000, 0x0000000781200000, 0x0000000781300000|  0%| F|  |TAMS 0x0000000781200000, 0x0000000781200000| Untracked 
|  19|0x0000000781300000, 0x0000000781300000, 0x0000000781400000|  0%| F|  |TAMS 0x0000000781300000, 0x0000000781300000| Untracked 
|  20|0x0000000781400000, 0x0000000781400000, 0x0000000781500000|  0%| F|  |TAMS 0x0000000781400000, 0x0000000781400000| Untracked 
|  21|0x0000000781500000, 0x0000000781500000, 0x0000000781600000|  0%| F|  |TAMS 0x0000000781500000, 0x0000000781500000| Untracked 
|  22|0x0000000781600000, 0x0000000781600000, 0x0000000781700000|  0%| F|  |TAMS 0x0000000781600000, 0x0000000781600000| Untracked 
|  23|0x0000000781700000, 0x0000000781700000, 0x0000000781800000|  0%| F|  |TAMS 0x0000000781700000, 0x0000000781700000| Untracked 
|  24|0x0000000781800000, 0x0000000781800000, 0x0000000781900000|  0%| F|  |TAMS 0x0000000781800000, 0x0000000781800000| Untracked 
|  25|0x0000000781900000, 0x0000000781900000, 0x0000000781a00000|  0%| F|  |TAMS 0x0000000781900000, 0x0000000781900000| Untracked 
|  26|0x0000000781a00000, 0x0000000781a00000, 0x0000000781b00000|  0%| F|  |TAMS 0x0000000781a00000, 0x0000000781a00000| Untracked 
|  27|0x0000000781b00000, 0x0000000781b00000, 0x0000000781c00000|  0%| F|  |TAMS 0x0000000781b00000, 0x0000000781b00000| Untracked 
|  28|0x0000000781c00000, 0x0000000781c00000, 0x0000000781d00000|  0%| F|  |TAMS 0x0000000781c00000, 0x0000000781c00000| Untracked 
|  29|0x0000000781d00000, 0x0000000781d00000, 0x0000000781e00000|  0%| F|  |TAMS 0x0000000781d00000, 0x0000000781d00000| Untracked 
|  30|0x0000000781e00000, 0x0000000781e00000, 0x0000000781f00000|  0%| F|  |TAMS 0x0000000781e00000, 0x0000000781e00000| Untracked 
|  31|0x0000000781f00000, 0x0000000781f00000, 0x0000000782000000|  0%| F|  |TAMS 0x0000000781f00000, 0x0000000781f00000| Untracked 
|  32|0x0000000782000000, 0x0000000782000000, 0x0000000782100000|  0%| F|  |TAMS 0x0000000782000000, 0x0000000782000000| Untracked 
|  33|0x0000000782100000, 0x0000000782100000, 0x0000000782200000|  0%| F|  |TAMS 0x0000000782100000, 0x0000000782100000| Untracked 
|  34|0x0000000782200000, 0x0000000782200000, 0x0000000782300000|  0%| F|  |TAMS 0x0000000782200000, 0x0000000782200000| Untracked 
|  35|0x0000000782300000, 0x0000000782300000, 0x0000000782400000|  0%| F|  |TAMS 0x0000000782300000, 0x0000000782300000| Untracked 
|  36|0x0000000782400000, 0x0000000782400000, 0x0000000782500000|  0%| F|  |TAMS 0x0000000782400000, 0x0000000782400000| Untracked 
|  37|0x0000000782500000, 0x0000000782500000, 0x0000000782600000|  0%| F|  |TAMS 0x0000000782500000, 0x0000000782500000| Untracked 
|  38|0x0000000782600000, 0x0000000782600000, 0x0000000782700000|  0%| F|  |TAMS 0x0000000782600000, 0x0000000782600000| Untracked 
|  39|0x0000000782700000, 0x0000000782700000, 0x0000000782800000|  0%| F|  |TAMS 0x0000000782700000, 0x0000000782700000| Untracked 
|  40|0x0000000782800000, 0x0000000782800000, 0x0000000782900000|  0%| F|  |TAMS 0x0000000782800000, 0x0000000782800000| Untracked 
|  41|0x0000000782900000, 0x0000000782900000, 0x0000000782a00000|  0%| F|  |TAMS 0x0000000782900000, 0x0000000782900000| Untracked 
|  42|0x0000000782a00000, 0x0000000782a00000, 0x0000000782b00000|  0%| F|  |TAMS 0x0000000782a00000, 0x0000000782a00000| Untracked 
|  43|0x0000000782b00000, 0x0000000782b00000, 0x0000000782c00000|  0%| F|  |TAMS 0x0000000782b00000, 0x0000000782b00000| Untracked 
|  44|0x0000000782c00000, 0x0000000782c00000, 0x0000000782d00000|  0%| F|  |TAMS 0x0000000782c00000, 0x0000000782c00000| Untracked 
|  45|0x0000000782d00000, 0x0000000782d00000, 0x0000000782e00000|  0%| F|  |TAMS 0x0000000782d00000, 0x0000000782d00000| Untracked 
|  46|0x0000000782e00000, 0x0000000782e00000, 0x0000000782f00000|  0%| F|  |TAMS 0x0000000782e00000, 0x0000000782e00000| Untracked 
|  47|0x0000000782f00000, 0x0000000782f00000, 0x0000000783000000|  0%| F|  |TAMS 0x0000000782f00000, 0x0000000782f00000| Untracked 
|  48|0x0000000783000000, 0x0000000783000000, 0x0000000783100000|  0%| F|  |TAMS 0x0000000783000000, 0x0000000783000000| Untracked 
|  49|0x0000000783100000, 0x0000000783100000, 0x0000000783200000|  0%| F|  |TAMS 0x0000000783100000, 0x0000000783100000| Untracked 
|  50|0x0000000783200000, 0x0000000783200000, 0x0000000783300000|  0%| F|  |TAMS 0x0000000783200000, 0x0000000783200000| Untracked 
|  51|0x0000000783300000, 0x0000000783300000, 0x0000000783400000|  0%| F|  |TAMS 0x0000000783300000, 0x0000000783300000| Untracked 
|  52|0x0000000783400000, 0x0000000783400000, 0x0000000783500000|  0%| F|  |TAMS 0x0000000783400000, 0x0000000783400000| Untracked 
|  53|0x0000000783500000, 0x0000000783500000, 0x0000000783600000|  0%| F|  |TAMS 0x0000000783500000, 0x0000000783500000| Untracked 
|  54|0x0000000783600000, 0x0000000783600000, 0x0000000783700000|  0%| F|  |TAMS 0x0000000783600000, 0x0000000783600000| Untracked 
|  55|0x0000000783700000, 0x0000000783700000, 0x0000000783800000|  0%| F|  |TAMS 0x0000000783700000, 0x0000000783700000| Untracked 
|  56|0x0000000783800000, 0x0000000783800000, 0x0000000783900000|  0%| F|  |TAMS 0x0000000783800000, 0x0000000783800000| Untracked 
|  57|0x0000000783900000, 0x0000000783900000, 0x0000000783a00000|  0%| F|  |TAMS 0x0000000783900000, 0x0000000783900000| Untracked 
|  58|0x0000000783a00000, 0x0000000783a00000, 0x0000000783b00000|  0%| F|  |TAMS 0x0000000783a00000, 0x0000000783a00000| Untracked 
|  59|0x0000000783b00000, 0x0000000783b00000, 0x0000000783c00000|  0%| F|  |TAMS 0x0000000783b00000, 0x0000000783b00000| Untracked 
|  60|0x0000000783c00000, 0x0000000783c00000, 0x0000000783d00000|  0%| F|  |TAMS 0x0000000783c00000, 0x0000000783c00000| Untracked 
|  61|0x0000000783d00000, 0x0000000783d00000, 0x0000000783e00000|  0%| F|  |TAMS 0x0000000783d00000, 0x0000000783d00000| Untracked 
|  62|0x0000000783e00000, 0x0000000783e00000, 0x0000000783f00000|  0%| F|  |TAMS 0x0000000783e00000, 0x0000000783e00000| Untracked 
|  63|0x0000000783f00000, 0x0000000783f00000, 0x0000000784000000|  0%| F|  |TAMS 0x0000000783f00000, 0x0000000783f00000| Untracked 
|  64|0x0000000784000000, 0x0000000784000000, 0x0000000784100000|  0%| F|  |TAMS 0x0000000784000000, 0x0000000784000000| Untracked 
|  65|0x0000000784100000, 0x0000000784100000, 0x0000000784200000|  0%| F|  |TAMS 0x0000000784100000, 0x0000000784100000| Untracked 
|  66|0x0000000784200000, 0x0000000784200000, 0x0000000784300000|  0%| F|  |TAMS 0x0000000784200000, 0x0000000784200000| Untracked 
|  67|0x0000000784300000, 0x0000000784300000, 0x0000000784400000|  0%| F|  |TAMS 0x0000000784300000, 0x0000000784300000| Untracked 
|  68|0x0000000784400000, 0x0000000784400000, 0x0000000784500000|  0%| F|  |TAMS 0x0000000784400000, 0x0000000784400000| Untracked 
|  69|0x0000000784500000, 0x0000000784500000, 0x0000000784600000|  0%| F|  |TAMS 0x0000000784500000, 0x0000000784500000| Untracked 
|  70|0x0000000784600000, 0x0000000784600000, 0x0000000784700000|  0%| F|  |TAMS 0x0000000784600000, 0x0000000784600000| Untracked 
|  71|0x0000000784700000, 0x0000000784700000, 0x0000000784800000|  0%| F|  |TAMS 0x0000000784700000, 0x0000000784700000| Untracked 
|  72|0x0000000784800000, 0x0000000784800000, 0x0000000784900000|  0%| F|  |TAMS 0x0000000784800000, 0x0000000784800000| Untracked 
|  73|0x0000000784900000, 0x0000000784900000, 0x0000000784a00000|  0%| F|  |TAMS 0x0000000784900000, 0x0000000784900000| Untracked 
|  74|0x0000000784a00000, 0x0000000784a00000, 0x0000000784b00000|  0%| F|  |TAMS 0x0000000784a00000, 0x0000000784a00000| Untracked 
|  75|0x0000000784b00000, 0x0000000784b00000, 0x0000000784c00000|  0%| F|  |TAMS 0x0000000784b00000, 0x0000000784b00000| Untracked 
|  76|0x0000000784c00000, 0x0000000784c00000, 0x0000000784d00000|  0%| F|  |TAMS 0x0000000784c00000, 0x0000000784c00000| Untracked 
|  77|0x0000000784d00000, 0x0000000784d00000, 0x0000000784e00000|  0%| F|  |TAMS 0x0000000784d00000, 0x0000000784d00000| Untracked 
|  78|0x0000000784e00000, 0x0000000784e00000, 0x0000000784f00000|  0%| F|  |TAMS 0x0000000784e00000, 0x0000000784e00000| Untracked 
|  79|0x0000000784f00000, 0x0000000784f00000, 0x0000000785000000|  0%| F|  |TAMS 0x0000000784f00000, 0x0000000784f00000| Untracked 
|  80|0x0000000785000000, 0x0000000785000000, 0x0000000785100000|  0%| F|  |TAMS 0x0000000785000000, 0x0000000785000000| Untracked 
|  81|0x0000000785100000, 0x0000000785100000, 0x0000000785200000|  0%| F|  |TAMS 0x0000000785100000, 0x0000000785100000| Untracked 
|  82|0x0000000785200000, 0x0000000785200000, 0x0000000785300000|  0%| F|  |TAMS 0x0000000785200000, 0x0000000785200000| Untracked 
|  83|0x0000000785300000, 0x0000000785300000, 0x0000000785400000|  0%| F|  |TAMS 0x0000000785300000, 0x0000000785300000| Untracked 
|  84|0x0000000785400000, 0x0000000785400000, 0x0000000785500000|  0%| F|  |TAMS 0x0000000785400000, 0x0000000785400000| Untracked 
|  85|0x0000000785500000, 0x0000000785500000, 0x0000000785600000|  0%| F|  |TAMS 0x0000000785500000, 0x0000000785500000| Untracked 
|  86|0x0000000785600000, 0x0000000785600000, 0x0000000785700000|  0%| F|  |TAMS 0x0000000785600000, 0x0000000785600000| Untracked 
|  87|0x0000000785700000, 0x0000000785700000, 0x0000000785800000|  0%| F|  |TAMS 0x0000000785700000, 0x0000000785700000| Untracked 
|  88|0x0000000785800000, 0x0000000785800000, 0x0000000785900000|  0%| F|  |TAMS 0x0000000785800000, 0x0000000785800000| Untracked 
|  89|0x0000000785900000, 0x0000000785980800, 0x0000000785a00000| 50%| E|  |TAMS 0x0000000785900000, 0x0000000785900000| Complete 
|  90|0x0000000785a00000, 0x0000000785b00000, 0x0000000785b00000|100%| E|CS|TAMS 0x0000000785a00000, 0x0000000785a00000| Complete 
|  91|0x0000000785b00000, 0x0000000785c00000, 0x0000000785c00000|100%| E|CS|TAMS 0x0000000785b00000, 0x0000000785b00000| Complete 
|  92|0x0000000785c00000, 0x0000000785d00000, 0x0000000785d00000|100%| E|CS|TAMS 0x0000000785c00000, 0x0000000785c00000| Complete 
|  93|0x0000000785d00000, 0x0000000785e00000, 0x0000000785e00000|100%| E|CS|TAMS 0x0000000785d00000, 0x0000000785d00000| Complete 
|  94|0x0000000785e00000, 0x0000000785f00000, 0x0000000785f00000|100%| E|CS|TAMS 0x0000000785e00000, 0x0000000785e00000| Complete 
|  95|0x0000000785f00000, 0x0000000786000000, 0x0000000786000000|100%| E|CS|TAMS 0x0000000785f00000, 0x0000000785f00000| Complete 
|  96|0x0000000786000000, 0x0000000786100000, 0x0000000786100000|100%| E|CS|TAMS 0x0000000786000000, 0x0000000786000000| Complete 
|  97|0x0000000786100000, 0x0000000786200000, 0x0000000786200000|100%| E|CS|TAMS 0x0000000786100000, 0x0000000786100000| Complete 
|  98|0x0000000786200000, 0x0000000786300000, 0x0000000786300000|100%| E|CS|TAMS 0x0000000786200000, 0x0000000786200000| Complete 
|  99|0x0000000786300000, 0x0000000786400000, 0x0000000786400000|100%| E|CS|TAMS 0x0000000786300000, 0x0000000786300000| Complete 
| 100|0x0000000786400000, 0x0000000786500000, 0x0000000786500000|100%| E|CS|TAMS 0x0000000786400000, 0x0000000786400000| Complete 
| 101|0x0000000786500000, 0x0000000786600000, 0x0000000786600000|100%| E|CS|TAMS 0x0000000786500000, 0x0000000786500000| Complete 
| 102|0x0000000786600000, 0x0000000786700000, 0x0000000786700000|100%| S|CS|TAMS 0x0000000786600000, 0x0000000786600000| Complete 
| 103|0x0000000786700000, 0x0000000786800000, 0x0000000786800000|100%| S|CS|TAMS 0x0000000786700000, 0x0000000786700000| Complete 
| 104|0x0000000786800000, 0x0000000786900000, 0x0000000786900000|100%| S|CS|TAMS 0x0000000786800000, 0x0000000786800000| Complete 
| 105|0x0000000786900000, 0x0000000786a00000, 0x0000000786a00000|100%| E|CS|TAMS 0x0000000786900000, 0x0000000786900000| Complete 
| 106|0x0000000786a00000, 0x0000000786b00000, 0x0000000786b00000|100%| E|CS|TAMS 0x0000000786a00000, 0x0000000786a00000| Complete 
| 107|0x0000000786b00000, 0x0000000786c00000, 0x0000000786c00000|100%| E|CS|TAMS 0x0000000786b00000, 0x0000000786b00000| Complete 
| 108|0x0000000786c00000, 0x0000000786d00000, 0x0000000786d00000|100%| E|CS|TAMS 0x0000000786c00000, 0x0000000786c00000| Complete 
| 109|0x0000000786d00000, 0x0000000786e00000, 0x0000000786e00000|100%| E|CS|TAMS 0x0000000786d00000, 0x0000000786d00000| Complete 
| 110|0x0000000786e00000, 0x0000000786f00000, 0x0000000786f00000|100%| E|CS|TAMS 0x0000000786e00000, 0x0000000786e00000| Complete 
| 111|0x0000000786f00000, 0x0000000787000000, 0x0000000787000000|100%| E|CS|TAMS 0x0000000786f00000, 0x0000000786f00000| Complete 
| 112|0x0000000787000000, 0x0000000787100000, 0x0000000787100000|100%| E|CS|TAMS 0x0000000787000000, 0x0000000787000000| Complete 
| 113|0x0000000787100000, 0x0000000787200000, 0x0000000787200000|100%| E|CS|TAMS 0x0000000787100000, 0x0000000787100000| Complete 
| 114|0x0000000787200000, 0x0000000787300000, 0x0000000787300000|100%| E|CS|TAMS 0x0000000787200000, 0x0000000787200000| Complete 
| 115|0x0000000787300000, 0x0000000787400000, 0x0000000787400000|100%| E|CS|TAMS 0x0000000787300000, 0x0000000787300000| Complete 
| 116|0x0000000787400000, 0x0000000787500000, 0x0000000787500000|100%| E|CS|TAMS 0x0000000787400000, 0x0000000787400000| Complete 
| 117|0x0000000787500000, 0x0000000787600000, 0x0000000787600000|100%| E|CS|TAMS 0x0000000787500000, 0x0000000787500000| Complete 
| 118|0x0000000787600000, 0x0000000787700000, 0x0000000787700000|100%| E|CS|TAMS 0x0000000787600000, 0x0000000787600000| Complete 
| 119|0x0000000787700000, 0x0000000787800000, 0x0000000787800000|100%| E|CS|TAMS 0x0000000787700000, 0x0000000787700000| Complete 
| 120|0x0000000787800000, 0x0000000787900000, 0x0000000787900000|100%| E|CS|TAMS 0x0000000787800000, 0x0000000787800000| Complete 
| 121|0x0000000787900000, 0x0000000787a00000, 0x0000000787a00000|100%| E|CS|TAMS 0x0000000787900000, 0x0000000787900000| Complete 
| 122|0x0000000787a00000, 0x0000000787b00000, 0x0000000787b00000|100%| E|CS|TAMS 0x0000000787a00000, 0x0000000787a00000| Complete 
| 123|0x0000000787b00000, 0x0000000787c00000, 0x0000000787c00000|100%| E|CS|TAMS 0x0000000787b00000, 0x0000000787b00000| Complete 
| 124|0x0000000787c00000, 0x0000000787d00000, 0x0000000787d00000|100%| E|CS|TAMS 0x0000000787c00000, 0x0000000787c00000| Complete 
| 125|0x0000000787d00000, 0x0000000787e00000, 0x0000000787e00000|100%| E|CS|TAMS 0x0000000787d00000, 0x0000000787d00000| Complete 
| 126|0x0000000787e00000, 0x0000000787f00000, 0x0000000787f00000|100%| E|CS|TAMS 0x0000000787e00000, 0x0000000787e00000| Complete 
| 127|0x0000000787f00000, 0x0000000788000000, 0x0000000788000000|100%| E|CS|TAMS 0x0000000787f00000, 0x0000000787f00000| Complete 
|2046|0x00000007ffe00000, 0x00000007ffe78000, 0x00000007fff00000| 46%|OA|  |TAMS 0x00000007ffe00000, 0x00000007ffe00000| Untracked 
|2047|0x00000007fff00000, 0x00000007fff80000, 0x0000000800000000| 50%|CA|  |TAMS 0x00000007fff00000, 0x00000007fff00000| Untracked 

Card table byte_map: [0x0000000100b24000,0x0000000100f24000] _byte_map_base: 0x00000000fcf24000

Marking Bits (Prev, Next): (CMBitMap*) 0x000000012a008610, (CMBitMap*) 0x000000012a008650
 Prev Bits: [0x0000000118a9c000, 0x000000011aa9c000)
 Next Bits: [0x000000011aa9c000, 0x000000011ca9c000)

Polling page: 0x0000000100308000

Metaspace:

Usage:
  Non-class:     12.46 MB used.
      Class:      2.12 MB used.
       Both:     14.58 MB used.

Virtual space:
  Non-class space:       16.00 MB reserved,      12.56 MB ( 79%) committed,  2 nodes.
      Class space:        1.00 GB reserved,       2.25 MB ( <1%) committed,  1 nodes.
             Both:        1.02 GB reserved,      14.81 MB (  1%) committed. 

Chunk freelists:
   Non-Class:  3.19 MB
       Class:  1.69 MB
        Both:  4.87 MB

MaxMetaspaceSize: unlimited
CompressedClassSpaceSize: 1.00 GB
Initial GC threshold: 21.00 MB
Current GC threshold: 21.00 MB
CDS: on
MetaspaceReclaimPolicy: balanced
 - commit_granule_bytes: 65536.
 - commit_granule_words: 8192.
 - virtual_space_node_default_size: 1048576.
 - enlarge_chunks_in_place: 1.
 - new_chunks_are_fully_committed: 0.
 - uncommit_free_chunks: 1.
 - use_allocation_guard: 0.
 - handle_deallocations: 1.


Internal statistics:

num_allocs_failed_limit: 0.
num_arena_births: 208.
num_arena_deaths: 0.
num_vsnodes_births: 3.
num_vsnodes_deaths: 0.
num_space_committed: 237.
num_space_uncommitted: 0.
num_chunks_returned_to_freelist: 0.
num_chunks_taken_from_freelist: 698.
num_chunk_merges: 0.
num_chunk_splits: 483.
num_chunks_enlarged: 377.
num_purges: 0.
num_inconsistent_stats: 0.

CodeHeap 'non-profiled nmethods': size=120032Kb used=1033Kb max_used=1033Kb free=118998Kb
 bounds [0x0000000111564000, 0x00000001117d4000, 0x0000000118a9c000]
CodeHeap 'profiled nmethods': size=120016Kb used=4860Kb max_used=4860Kb free=115155Kb
 bounds [0x000000010a030000, 0x000000010a4f0000, 0x0000000111564000]
CodeHeap 'non-nmethods': size=5712Kb used=1370Kb max_used=1466Kb free=4342Kb
 bounds [0x0000000109a9c000, 0x0000000109d0c000, 0x000000010a030000]
 total_blobs=3203 nmethods=2446 adapters=673
 compilation: enabled
              stopped_count=0, restarted_count=0
 full_count=0

Compilation events (20 events):
Event: 10.644 Thread 0x000000013a814a00 2500       3       com.sun.javafx.geom.transform.AffineBase::transform2DBounds (576 bytes)
Event: 10.646 Thread 0x000000013a814a00 nmethod 2500 0x000000010a4e6d90 code [0x000000010a4e70c0, 0x000000010a4e8028]
Event: 10.646 Thread 0x000000013a814a00 2499       3       com.sun.prism.impl.shape.ShapeUtil::rasterizeShape (17 bytes)
Event: 10.646 Thread 0x000000013a814a00 nmethod 2499 0x000000010a4e8510 code [0x000000010a4e86c0, 0x000000010a4e8858]
Event: 10.787 Thread 0x000000013a814a00 2501       3       java.util.concurrent.ForkJoinPool::managedBlock (36 bytes)
Event: 10.788 Thread 0x000000013a814a00 nmethod 2501 0x000000010a4e8910 code [0x000000010a4e8bc0, 0x000000010a4e9778]
Event: 11.045 Thread 0x000000013a814a00 2502       3       javafx.beans.property.StringPropertyBase::get (5 bytes)
Event: 11.045 Thread 0x000000013a814a00 nmethod 2502 0x000000010a4e9b10 code [0x000000010a4e9d00, 0x000000010a4ea198]
Event: 11.045 Thread 0x000000013a814a00 2503       3       com.sun.javafx.scene.NodeHelper::geomChanged (9 bytes)
Event: 11.046 Thread 0x000000013a814a00 nmethod 2503 0x000000010a4ea310 code [0x000000010a4ea4c0, 0x000000010a4ea708]
Event: 11.046 Thread 0x000000013a814a00 2505       3       javafx.scene.Node::doGeomChanged (45 bytes)
Event: 11.046 Thread 0x000000013a814a00 nmethod 2505 0x000000010a4ea810 code [0x000000010a4eab40, 0x000000010a4eb9c8]
Event: 11.046 Thread 0x000000013a814a00 2504       3       java.util.Arrays$ArrayItr::next (36 bytes)
Event: 11.047 Thread 0x000000013a814a00 nmethod 2504 0x000000010a4ebe10 code [0x000000010a4ebfc0, 0x000000010a4ec258]
Event: 11.047 Thread 0x000000013a814a00 2506       1       javafx.scene.Scene::getPeer (5 bytes)
Event: 11.047 Thread 0x000000013a814a00 nmethod 2506 0x0000000111665890 code [0x0000000111665a00, 0x0000000111665ae8]
Event: 11.054 Thread 0x000000013a809c00 2507       4       com.sun.javafx.collections.ObservableListWrapper::size (10 bytes)
Event: 11.054 Thread 0x000000013a814a00 2508       3       javafx.scene.layout.Region::snappedLeftInset (21 bytes)
Event: 11.055 Thread 0x000000013a814a00 nmethod 2508 0x000000010a4ec390 code [0x000000010a4ec600, 0x000000010a4ecfa8]
Event: 11.055 Thread 0x000000013a814a00 2509       3       javafx.scene.layout.Region::snappedTopInset (21 bytes)

GC Heap History (2 events):
Event: 0.600 GC heap before
{Heap before GC invocations=0 (full 0):
 garbage-first heap   total 133120K, used 23520K [0x0000000780000000, 0x0000000800000000)
  region size 1024K, 23 young (23552K), 0 survivors (0K)
 Metaspace       used 6055K, committed 6272K, reserved 1056768K
  class space    used 730K, committed 832K, reserved 1048576K
}
Event: 0.603 GC heap after
{Heap after GC invocations=1 (full 0):
 garbage-first heap   total 133120K, used 4064K [0x0000000780000000, 0x0000000800000000)
  region size 1024K, 3 young (3072K), 3 survivors (3072K)
 Metaspace       used 6055K, committed 6272K, reserved 1056768K
  class space    used 730K, committed 832K, reserved 1048576K
}

Deoptimization events (20 events):
Event: 3.158 Thread 0x0000000128019200 DEOPT PACKING pc=0x000000011162d104 sp=0x0000000172704420
Event: 3.158 Thread 0x0000000128019200 DEOPT UNPACKING pc=0x0000000109adad1c sp=0x0000000172704340 mode 2
Event: 3.159 Thread 0x0000000128019200 DEOPT PACKING pc=0x000000010a3d3758 sp=0x0000000172705110
Event: 3.159 Thread 0x0000000128019200 DEOPT UNPACKING pc=0x0000000109adab7c sp=0x0000000172704db0 mode 0
Event: 3.927 Thread 0x0000000128019200 DEOPT PACKING pc=0x000000010a3cf2ac sp=0x0000000172705230
Event: 3.927 Thread 0x0000000128019200 DEOPT UNPACKING pc=0x0000000109adab7c sp=0x0000000172704e30 mode 0
Event: 5.439 Thread 0x0000000128019200 DEOPT PACKING pc=0x000000010a3cec18 sp=0x0000000172705080
Event: 5.439 Thread 0x0000000128019200 DEOPT UNPACKING pc=0x0000000109adab7c sp=0x0000000172704c80 mode 0
Event: 5.546 Thread 0x0000000128019200 Uncommon trap: trap_request=0xffffff45 fr.pc=0x00000001116308d8 relative=0x00000000000008d8
Event: 5.546 Thread 0x0000000128019200 Uncommon trap: reason=unstable_if action=reinterpret pc=0x00000001116308d8 method=com.sun.marlin.MaskMarlinAlphaConsumer.setAndClearRelativeAlphas([IIII)V @ 69 c2
Event: 5.546 Thread 0x0000000128019200 DEOPT PACKING pc=0x00000001116308d8 sp=0x0000000172704640
Event: 5.546 Thread 0x0000000128019200 DEOPT UNPACKING pc=0x0000000109adad1c sp=0x00000001727044c0 mode 2
Event: 5.547 Thread 0x0000000128019200 DEOPT PACKING pc=0x000000010a3d3758 sp=0x0000000172705140
Event: 5.547 Thread 0x0000000128019200 DEOPT UNPACKING pc=0x0000000109adab7c sp=0x0000000172704e10 mode 0
Event: 6.509 Thread 0x0000000128019200 DEOPT PACKING pc=0x000000010a3d3758 sp=0x0000000172705160
Event: 6.509 Thread 0x0000000128019200 DEOPT UNPACKING pc=0x0000000109adab7c sp=0x0000000172704e00 mode 0
Event: 7.026 Thread 0x0000000128019200 DEOPT PACKING pc=0x000000010a3d3758 sp=0x00000001727050c0
Event: 7.026 Thread 0x0000000128019200 DEOPT UNPACKING pc=0x0000000109adab7c sp=0x0000000172704d60 mode 0
Event: 7.140 Thread 0x0000000128019200 DEOPT PACKING pc=0x000000010a3d3758 sp=0x00000001727050c0
Event: 7.140 Thread 0x0000000128019200 DEOPT UNPACKING pc=0x0000000109adab7c sp=0x0000000172704d60 mode 0

Classes unloaded (0 events):
No events

Classes redefined (0 events):
No events

Internal exceptions (20 events):
Event: 0.836 Thread 0x0000000128810600 Exception <a 'java/lang/NoSuchMethodError'{0x00000007876f7ef8}: 'void java.lang.invoke.DirectMethodHandle$Holder.invokeSpecial(java.lang.Object, java.lang.Object, java.lang.Object, java.lang.Object, java.lang.Object)'> (0x00000007876f7ef8) 
thrown [open/src/hotspot/share/interpreter/linkResolver.cpp, line 766]
Event: 0.870 Thread 0x0000000128810600 Implicit null exception at 0x000000011159d4f8 to 0x000000011159d588
Event: 0.879 Thread 0x0000000128810600 Implicit null exception at 0x00000001115abf54 to 0x00000001115ac258
Event: 0.966 Thread 0x0000000128810600 Exception <a 'java/lang/NoSuchMethodError'{0x0000000786e4e0b0}: 'java.lang.Object java.lang.invoke.DirectMethodHandle$Holder.invokeInterface(java.lang.Object, java.lang.Object, java.lang.Object)'> (0x0000000786e4e0b0) 
thrown [open/src/hotspot/share/interpreter/linkResolver.cpp, line 766]
Event: 0.967 Thread 0x0000000128810600 Exception <a 'java/lang/IncompatibleClassChangeError'{0x0000000786e51a38}: Found class java.lang.Object, but interface was expected> (0x0000000786e51a38) 
thrown [open/src/hotspot/share/interpreter/linkResolver.cpp, line 833]
Event: 1.010 Thread 0x0000000128810600 Exception <a 'java/lang/ClassNotFoundException'{0x0000000786cc56a8}: com/sun/javafx/scene/control/skin/resources/controls> (0x0000000786cc56a8) 
thrown [open/src/hotspot/share/prims/jni.cpp, line 535]
Event: 1.012 Thread 0x0000000128810600 Exception <a 'java/lang/ClassNotFoundException'{0x0000000786cd98b8}: com/sun/javafx/scene/control/skin/resources/controls_en> (0x0000000786cd98b8) 
thrown [open/src/hotspot/share/prims/jni.cpp, line 535]
Event: 1.012 Thread 0x0000000128810600 Exception <a 'java/lang/ClassNotFoundException'{0x0000000786cdb0d0}: com/sun/javafx/scene/control/skin/resources/controls_en_EG> (0x0000000786cdb0d0) 
thrown [open/src/hotspot/share/prims/jni.cpp, line 535]
Event: 1.030 Thread 0x0000000128810600 Exception <a 'java/lang/NoSuchMethodError'{0x0000000786a5f278}: 'void java.lang.invoke.DirectMethodHandle$Holder.invokeSpecial(java.lang.Object, java.lang.Object, java.lang.Object, java.lang.Object, java.lang.Object, java.lang.Object)'> (0x0000000786a5f278) 
thrown [open/src/hotspot/share/interpreter/linkResolver.cpp, line 766]
Event: 1.071 Thread 0x0000000128810600 Exception <a 'java/lang/NoSuchMethodError'{0x000000078648bce8}: 'java.lang.Object java.lang.invoke.DirectMethodHandle$Holder.newInvokeSpecial(java.lang.Object, java.lang.Object, int)'> (0x000000078648bce8) 
thrown [open/src/hotspot/share/interpreter/linkResolver.cpp, line 766]
Event: 1.123 Thread 0x0000000128019200 Exception <a 'java/lang/NoSuchMethodError'{0x0000000786254d18}: 'int java.lang.invoke.DirectMethodHandle$Holder.invokeStaticInit(java.lang.Object, java.lang.Object)'> (0x0000000786254d18) 
thrown [open/src/hotspot/share/interpreter/linkResolver.cpp, line 766]
Event: 1.131 Thread 0x0000000128019200 Exception <a 'java/lang/NoSuchMethodError'{0x00000007862d6978}: 'java.lang.Object java.lang.invoke.DirectMethodHandle$Holder.invokeStaticInit(java.lang.Object, int)'> (0x00000007862d6978) 
thrown [open/src/hotspot/share/interpreter/linkResolver.cpp, line 766]
Event: 3.053 Thread 0x0000000128810600 Exception <a 'java/lang/NoSuchMethodError'{0x0000000785c5eb38}: 'java.lang.Object java.lang.invoke.DirectMethodHandle$Holder.newInvokeSpecial(java.lang.Object, java.lang.Object, int, int, int, int, int, java.lang.Object)'> (0x0000000785c5eb38) 
thrown [open/src/hotspot/share/interpreter/linkResolver.cpp, line 766]
Event: 3.054 Thread 0x0000000128810600 Exception <a 'java/lang/NoSuchMethodError'{0x0000000785c71b18}: 'java.lang.Object java.lang.invoke.DirectMethodHandle$Holder.newInvokeSpecial(java.lang.Object, java.lang.Object, java.lang.Object, int, int, int, int, int)'> (0x0000000785c71b18) 
thrown [open/src/hotspot/share/interpreter/linkResolver.cpp, line 766]
Event: 3.055 Thread 0x0000000128810600 Exception <a 'java/lang/NoSuchMethodError'{0x0000000785c79378}: 'java.lang.Object java.lang.invoke.Invokers$Holder.linkToTargetMethod(java.lang.Object, java.lang.Object, int, int, int, int, int, java.lang.Object)'> (0x0000000785c79378) 
thrown [open/src/hotspot/share/interpreter/linkResolver.cpp, line 766]
Event: 3.056 Thread 0x0000000128810600 Exception <a 'java/lang/NoSuchMethodError'{0x0000000785cbf610}: 'long java.lang.invoke.DirectMethodHandle$Holder.invokeStatic(java.lang.Object, java.lang.Object, java.lang.Object)'> (0x0000000785cbf610) 
thrown [open/src/hotspot/share/interpreter/linkResolver.cpp, line 766]
Event: 3.056 Thread 0x0000000128810600 Exception <a 'java/lang/NoSuchMethodError'{0x0000000785cc2db8}: 'long java.lang.invoke.DirectMethodHandle$Holder.invokeStaticInit(java.lang.Object, java.lang.Object, java.lang.Object)'> (0x0000000785cc2db8) 
thrown [open/src/hotspot/share/interpreter/linkResolver.cpp, line 766]
Event: 3.058 Thread 0x0000000128810600 Exception <a 'java/lang/NoSuchMethodError'{0x0000000785cda9c0}: 'java.lang.Object java.lang.invoke.DirectMethodHandle$Holder.newInvokeSpecial(java.lang.Object, java.lang.Object, long)'> (0x0000000785cda9c0) 
thrown [open/src/hotspot/share/interpreter/linkResolver.cpp, line 766]
Event: 3.058 Thread 0x0000000128810600 Exception <a 'java/lang/NoSuchMethodError'{0x0000000785cde288}: 'java.lang.Object java.lang.invoke.Invokers$Holder.linkToTargetMethod(java.lang.Object, long, java.lang.Object)'> (0x0000000785cde288) 
thrown [open/src/hotspot/share/interpreter/linkResolver.cpp, line 766]
Event: 3.101 Thread 0x0000000128810600 Exception <a 'java/lang/NoSuchMethodError'{0x0000000785bacb50}: 'long java.lang.invoke.DirectMethodHandle$Holder.invokeStatic(java.lang.Object, java.lang.Object)'> (0x0000000785bacb50) 
thrown [open/src/hotspot/share/interpreter/linkResolver.cpp, line 766]

VM Operations (20 events):
Event: 1.271 Executing VM operation: ICBufferFull
Event: 1.271 Executing VM operation: ICBufferFull done
Event: 2.276 Executing VM operation: Cleanup
Event: 2.276 Executing VM operation: Cleanup done
Event: 3.102 Executing VM operation: HandshakeAllThreads
Event: 3.102 Executing VM operation: HandshakeAllThreads done
Event: 4.104 Executing VM operation: Cleanup
Event: 4.104 Executing VM operation: Cleanup done
Event: 5.109 Executing VM operation: Cleanup
Event: 5.109 Executing VM operation: Cleanup done
Event: 6.114 Executing VM operation: Cleanup
Event: 6.114 Executing VM operation: Cleanup done
Event: 7.119 Executing VM operation: Cleanup
Event: 7.119 Executing VM operation: Cleanup done
Event: 8.124 Executing VM operation: Cleanup
Event: 8.124 Executing VM operation: Cleanup done
Event: 9.128 Executing VM operation: Cleanup
Event: 9.128 Executing VM operation: Cleanup done
Event: 10.133 Executing VM operation: Cleanup
Event: 10.133 Executing VM operation: Cleanup done

Events (20 events):
Event: 3.102 loading class java/util/stream/Nodes$EmptyNode$OfLong
Event: 3.102 loading class java/util/stream/Node$OfLong
Event: 3.102 loading class java/util/stream/Node$OfLong done
Event: 3.102 loading class java/util/stream/Nodes$EmptyNode$OfLong done
Event: 3.102 loading class java/util/stream/Nodes$EmptyNode$OfDouble
Event: 3.102 loading class java/util/stream/Node$OfDouble
Event: 3.103 loading class java/util/stream/Node$OfDouble done
Event: 3.103 loading class java/util/stream/Nodes$EmptyNode$OfDouble done
Event: 3.103 loading class java/util/stream/Nodes$LongFixedNodeBuilder
Event: 3.103 loading class java/util/stream/Node$Builder$OfLong
Event: 3.103 loading class java/util/stream/Node$Builder
Event: 3.103 loading class java/util/stream/Node$Builder done
Event: 3.103 loading class java/util/stream/Sink$OfLong
Event: 3.103 loading class java/util/stream/Sink$OfLong done
Event: 3.103 loading class java/util/stream/Node$Builder$OfLong done
Event: 3.103 loading class java/util/stream/Nodes$LongArrayNode
Event: 3.103 loading class java/util/stream/Nodes$LongArrayNode done
Event: 3.103 loading class java/util/stream/Nodes$LongFixedNodeBuilder done
Event: 3.103 loading class java/util/stream/ReferencePipeline$5$1
Event: 3.103 loading class java/util/stream/ReferencePipeline$5$1 done


Dynamic libraries:
0x00000001002b8000 	/Library/Java/JavaVirtualMachines/jdk-17.0.1.jdk/Contents/Home/lib/libjli.dylib
0x00000001ab4b4000 	/usr/lib/libz.1.dylib
0x00000001ab56b000 	/usr/lib/libSystem.B.dylib
0x00000001ab565000 	/usr/lib/system/libcache.dylib
0x00000001ab523000 	/usr/lib/system/libcommonCrypto.dylib
0x00000001ab54c000 	/usr/lib/system/libcompiler_rt.dylib
0x00000001ab543000 	/usr/lib/system/libcopyfile.dylib
0x00000001a07ab000 	/usr/lib/system/libcorecrypto.dylib
0x00000001a085e000 	/usr/lib/system/libdispatch.dylib
0x00000001a0a2c000 	/usr/lib/system/libdyld.dylib
0x00000001ab55b000 	/usr/lib/system/libkeymgr.dylib
0x00000001ab4fe000 	/usr/lib/system/libmacho.dylib
0x00000001aabf3000 	/usr/lib/system/libquarantine.dylib
0x00000001ab558000 	/usr/lib/system/libremovefile.dylib
0x00000001a5b94000 	/usr/lib/system/libsystem_asl.dylib
0x00000001a074d000 	/usr/lib/system/libsystem_blocks.dylib
0x00000001a08e6000 	/usr/lib/system/libsystem_c.dylib
0x00000001ab550000 	/usr/lib/system/libsystem_collections.dylib
0x00000001aa081000 	/usr/lib/system/libsystem_configuration.dylib
0x00000001a92dd000 	/usr/lib/system/libsystem_containermanager.dylib
0x00000001ab260000 	/usr/lib/system/libsystem_coreservices.dylib
0x00000001a3154000 	/usr/lib/system/libsystem_darwin.dylib
0x00000001ab55c000 	/usr/lib/system/libsystem_dnssd.dylib
0x00000001a08e3000 	/usr/lib/system/libsystem_featureflags.dylib
0x00000001a0a41000 	/usr/lib/system/libsystem_info.dylib
0x00000001ab4c6000 	/usr/lib/system/libsystem_m.dylib
0x00000001a0833000 	/usr/lib/system/libsystem_malloc.dylib
0x00000001a5b23000 	/usr/lib/system/libsystem_networkextension.dylib
0x00000001a35ad000 	/usr/lib/system/libsystem_notify.dylib
0x00000001b18a9000 	/usr/lib/system/libsystem_product_info_filter.dylib
0x00000001aa086000 	/usr/lib/system/libsystem_sandbox.dylib
0x00000001ab555000 	/usr/lib/system/libsystem_secinit.dylib
0x00000001a09e7000 	/usr/lib/system/libsystem_kernel.dylib
0x00000001a0a39000 	/usr/lib/system/libsystem_platform.dylib
0x00000001a0a1f000 	/usr/lib/system/libsystem_pthread.dylib
0x00000001a72ec000 	/usr/lib/system/libsystem_symptoms.dylib
0x00000001a0791000 	/usr/lib/system/libsystem_trace.dylib
0x00000001ab530000 	/usr/lib/system/libunwind.dylib
0x00000001a074f000 	/usr/lib/system/libxpc.dylib
0x00000001a09cf000 	/usr/lib/libc++abi.dylib
0x00000001a08a5000 	/usr/lib/libobjc.A.dylib
0x00000001ab53b000 	/usr/lib/liboah.dylib
0x00000001a0968000 	/usr/lib/libc++.1.dylib
0x00000001b73c2000 	/System/Library/Frameworks/Cocoa.framework/Versions/A/Cocoa
0x00000001a360e000 	/System/Library/Frameworks/AppKit.framework/Versions/C/AppKit
0x00000001a6b14000 	/System/Library/Frameworks/CoreData.framework/Versions/A/CoreData
0x00000001a1969000 	/System/Library/Frameworks/Foundation.framework/Versions/C/Foundation
0x00000001a44c6000 	/System/Library/PrivateFrameworks/UIFoundation.framework/Versions/A/UIFoundation
0x00000001b15a3000 	/System/Library/PrivateFrameworks/RemoteViewServices.framework/Versions/A/RemoteViewServices
0x00000001a9a29000 	/System/Library/PrivateFrameworks/XCTTargetBootstrap.framework/Versions/A/XCTTargetBootstrap
0x00000001ad2a7000 	/System/Library/PrivateFrameworks/InternationalSupport.framework/Versions/A/InternationalSupport
0x00000001ad330000 	/System/Library/PrivateFrameworks/UserActivity.framework/Versions/A/UserActivity
0x00000001ac7a2000 	/usr/lib/libspindump.dylib
0x00000001a4737000 	/System/Library/Frameworks/UniformTypeIdentifiers.framework/Versions/A/UniformTypeIdentifiers
0x00000001a7f74000 	/usr/lib/libapp_launch_measurement.dylib
0x00000001a749e000 	/System/Library/PrivateFrameworks/CoreAnalytics.framework/Versions/A/CoreAnalytics
0x00000001a7f77000 	/System/Library/PrivateFrameworks/CoreAutoLayout.framework/Versions/A/CoreAutoLayout
0x00000001a931a000 	/System/Library/Frameworks/Metal.framework/Versions/A/Metal
0x00000001aa091000 	/usr/lib/liblangid.dylib
0x00000001a9a2e000 	/System/Library/PrivateFrameworks/CoreSVG.framework/Versions/A/CoreSVG
0x00000001a5bc8000 	/System/Library/PrivateFrameworks/SkyLight.framework/Versions/A/SkyLight
0x00000001a5f9d000 	/System/Library/Frameworks/CoreGraphics.framework/Versions/A/CoreGraphics
0x00000001b1c6f000 	/System/Library/Frameworks/Accelerate.framework/Versions/A/Accelerate
0x00000001ac219000 	/System/Library/PrivateFrameworks/IconServices.framework/Versions/A/IconServices
0x00000001a92fc000 	/System/Library/Frameworks/IOSurface.framework/Versions/A/IOSurface
0x00000001a74cf000 	/usr/lib/libDiagnosticMessagesClient.dylib
0x00000001b5170000 	/System/Library/Frameworks/ApplicationServices.framework/Versions/A/ApplicationServices
0x00000001a9a11000 	/System/Library/PrivateFrameworks/DFRFoundation.framework/Versions/A/DFRFoundation
0x00000001a2e9e000 	/usr/lib/libicucore.A.dylib
0x00000001ae153000 	/System/Library/Frameworks/AudioToolbox.framework/Versions/A/AudioToolbox
0x00000001ad2b3000 	/System/Library/PrivateFrameworks/DataDetectorsCore.framework/Versions/A/DataDetectorsCore
0x00000001c3bf3000 	/System/Library/PrivateFrameworks/TextInput.framework/Versions/A/TextInput
0x00000001a5b3d000 	/usr/lib/libMobileGestalt.dylib
0x00000001a96dd000 	/System/Library/Frameworks/Carbon.framework/Versions/A/Frameworks/HIToolbox.framework/Versions/A/HIToolbox
0x00000001a7950000 	/System/Library/Frameworks/QuartzCore.framework/Versions/A/QuartzCore
0x00000001a2b21000 	/System/Library/Frameworks/Security.framework/Versions/A/Security
0x00000001b15e3000 	/System/Library/Frameworks/Carbon.framework/Versions/A/Frameworks/SpeechRecognition.framework/Versions/A/SpeechRecognition
0x00000001a7cca000 	/System/Library/PrivateFrameworks/CoreUI.framework/Versions/A/CoreUI
0x00000001a23fe000 	/System/Library/Frameworks/CoreAudio.framework/Versions/A/CoreAudio
0x00000001a75c4000 	/System/Library/Frameworks/DiskArbitration.framework/Versions/A/DiskArbitration
0x00000001acbac000 	/System/Library/PrivateFrameworks/MultitouchSupport.framework/Versions/A/MultitouchSupport
0x00000001a5b3b000 	/usr/lib/libenergytrace.dylib
0x00000001a34d6000 	/System/Library/Frameworks/IOKit.framework/Versions/A/IOKit
0x00000001b19d2000 	/System/Library/Frameworks/CoreServices.framework/Versions/A/CoreServices
0x00000001a7f04000 	/System/Library/PrivateFrameworks/PerformanceAnalysis.framework/Versions/A/PerformanceAnalysis
0x0000000201edb000 	/System/Library/Frameworks/OpenGL.framework/Versions/A/OpenGL
0x00000001aab0b000 	/System/Library/PrivateFrameworks/MobileKeyBag.framework/Versions/A/MobileKeyBag
0x00000001a65aa000 	/System/Library/Frameworks/ColorSync.framework/Versions/A/ColorSync
0x00000001a0a6e000 	/System/Library/Frameworks/CoreFoundation.framework/Versions/A/CoreFoundation
0x00000001a9cad000 	/System/Library/Frameworks/CoreImage.framework/Versions/A/CoreImage
0x00000001a2222000 	/System/Library/Frameworks/CoreText.framework/Versions/A/CoreText
0x00000001a9a5e000 	/System/Library/Frameworks/ImageIO.framework/Versions/A/ImageIO
0x00000001ab571000 	/System/Library/PrivateFrameworks/SoftLinking.framework/Versions/A/SoftLinking
0x00000001a7fc2000 	/usr/lib/libxml2.2.dylib
0x00000001ab80a000 	/usr/lib/libcompression.dylib
0x00000001ad203000 	/System/Library/PrivateFrameworks/TextureIO.framework/Versions/A/TextureIO
0x00000001abf32000 	/usr/lib/libate.dylib
0x00000001abdf7000 	/usr/lib/liblzma.5.dylib
0x00000001a165d000 	/System/Library/Frameworks/SystemConfiguration.framework/Versions/A/SystemConfiguration
0x00000001ab56d000 	/usr/lib/libfakelink.dylib
0x00000001a566f000 	/System/Library/Frameworks/CFNetwork.framework/Versions/A/CFNetwork
0x00000001ab6b3000 	/usr/lib/libarchive.2.dylib
0x00000001aa08d000 	/System/Library/PrivateFrameworks/AppleSystemInfo.framework/Versions/A/AppleSystemInfo
0x00000001aac1e000 	/usr/lib/libbsm.0.dylib
0x00000001a4be0000 	/usr/lib/libnetwork.dylib
0x00000001ab507000 	/usr/lib/system/libkxld.dylib
0x00000001aa831000 	/System/Library/PrivateFrameworks/IOMobileFramebuffer.framework/Versions/A/IOMobileFramebuffer
0x000000021f807000 	/usr/lib/libCoreEntitlements.dylib
0x00000001ab242000 	/System/Library/PrivateFrameworks/AppleFSCompression.framework/Versions/A/AppleFSCompression
0x00000001aac06000 	/usr/lib/libcoretls.dylib
0x00000001abe10000 	/usr/lib/libcoretls_cfhelpers.dylib
0x00000001ab805000 	/usr/lib/libpam.2.dylib
0x00000001a6f03000 	/usr/lib/libsqlite3.dylib
0x00000001abe79000 	/usr/lib/libxar.1.dylib
0x00000001ab253000 	/usr/lib/libbz2.1.0.dylib
0x00000001ab572000 	/usr/lib/libpcap.A.dylib
0x00000001a72e3000 	/usr/lib/libdns_services.dylib
0x00000001ab7d8000 	/usr/lib/libapple_nghttp2.dylib
0x00000001ab5af000 	/usr/lib/libiconv.2.dylib
0x00000001ab4fd000 	/usr/lib/libcharset.1.dylib
0x00000001a7f40000 	/System/Library/Frameworks/CoreServices.framework/Versions/A/Frameworks/FSEvents.framework/Versions/A/FSEvents
0x00000001a315f000 	/System/Library/Frameworks/CoreServices.framework/Versions/A/Frameworks/CarbonCore.framework/Versions/A/CarbonCore
0x00000001a7524000 	/System/Library/Frameworks/CoreServices.framework/Versions/A/Frameworks/Metadata.framework/Versions/A/Metadata
0x00000001ab266000 	/System/Library/Frameworks/CoreServices.framework/Versions/A/Frameworks/OSServices.framework/Versions/A/OSServices
0x00000001ab739000 	/System/Library/Frameworks/CoreServices.framework/Versions/A/Frameworks/SearchKit.framework/Versions/A/SearchKit
0x00000001a7272000 	/System/Library/Frameworks/CoreServices.framework/Versions/A/Frameworks/AE.framework/Versions/A/AE
0x00000001a0fb4000 	/System/Library/Frameworks/CoreServices.framework/Versions/A/Frameworks/LaunchServices.framework/Versions/A/LaunchServices
0x00000001abda0000 	/System/Library/Frameworks/CoreServices.framework/Versions/A/Frameworks/DictionaryServices.framework/Versions/A/DictionaryServices
0x00000001a7f4d000 	/System/Library/Frameworks/CoreServices.framework/Versions/A/Frameworks/SharedFileList.framework/Versions/A/SharedFileList
0x00000001aabf6000 	/usr/lib/libCheckFix.dylib
0x00000001a5bac000 	/System/Library/PrivateFrameworks/TCC.framework/Versions/A/TCC
0x00000001aa093000 	/System/Library/PrivateFrameworks/CoreNLP.framework/Versions/A/CoreNLP
0x00000001a74d2000 	/System/Library/PrivateFrameworks/MetadataUtilities.framework/Versions/A/MetadataUtilities
0x00000001a1716000 	/usr/lib/libmecabra.dylib
0x00000001aac2f000 	/usr/lib/libmecab.dylib
0x00000001a16e2000 	/usr/lib/libCRFSuite.dylib
0x00000001aac8c000 	/usr/lib/libgermantok.dylib
0x00000001ab7b1000 	/usr/lib/libThaiTokenizer.dylib
0x00000001a75cc000 	/System/Library/Frameworks/Accelerate.framework/Versions/A/Frameworks/vImage.framework/Versions/A/vImage
0x00000001b19a9000 	/System/Library/Frameworks/Accelerate.framework/Versions/A/Frameworks/vecLib.framework/Versions/A/vecLib
0x00000001abebe000 	/System/Library/Frameworks/Accelerate.framework/Versions/A/Frameworks/vecLib.framework/Versions/A/libvMisc.dylib
0x00000001aa738000 	/System/Library/Frameworks/Accelerate.framework/Versions/A/Frameworks/vecLib.framework/Versions/A/libvDSP.dylib
0x00000001a133d000 	/System/Library/Frameworks/Accelerate.framework/Versions/A/Frameworks/vecLib.framework/Versions/A/libBLAS.dylib
0x00000001ab8db000 	/System/Library/Frameworks/Accelerate.framework/Versions/A/Frameworks/vecLib.framework/Versions/A/libLAPACK.dylib
0x00000001aac8f000 	/System/Library/Frameworks/Accelerate.framework/Versions/A/Frameworks/vecLib.framework/Versions/A/libLinearAlgebra.dylib
0x00000001ab7f0000 	/System/Library/Frameworks/Accelerate.framework/Versions/A/Frameworks/vecLib.framework/Versions/A/libSparseBLAS.dylib
0x00000001ab8d6000 	/System/Library/Frameworks/Accelerate.framework/Versions/A/Frameworks/vecLib.framework/Versions/A/libQuadrature.dylib
0x00000001aa18c000 	/System/Library/Frameworks/Accelerate.framework/Versions/A/Frameworks/vecLib.framework/Versions/A/libBNNS.dylib
0x00000001a15fb000 	/System/Library/Frameworks/Accelerate.framework/Versions/A/Frameworks/vecLib.framework/Versions/A/libSparse.dylib
0x00000001aa184000 	/System/Library/PrivateFrameworks/LinguisticData.framework/Versions/A/LinguisticData
0x00000001a15b3000 	/System/Library/PrivateFrameworks/Lexicon.framework/Versions/A/Lexicon
0x00000001abeb6000 	/usr/lib/libChineseTokenizer.dylib
0x00000001a1d5a000 	/System/Library/PrivateFrameworks/LanguageModeling.framework/Versions/A/LanguageModeling
0x00000001ab7b3000 	/System/Library/PrivateFrameworks/AppleSauce.framework/Versions/A/AppleSauce
0x00000001aa81e000 	/System/Library/PrivateFrameworks/CoreEmoji.framework/Versions/A/CoreEmoji
0x00000001ab6a1000 	/usr/lib/libcmph.dylib
0x00000001a7f20000 	/System/Library/Frameworks/OpenDirectory.framework/Versions/A/Frameworks/CFOpenDirectory.framework/Versions/A/CFOpenDirectory
0x00000001a7f10000 	/System/Library/Frameworks/OpenDirectory.framework/Versions/A/OpenDirectory
0x00000001abe12000 	/System/Library/PrivateFrameworks/APFS.framework/Versions/A/APFS
0x00000001aab46000 	/System/Library/Frameworks/SecurityFoundation.framework/Versions/A/SecurityFoundation
0x00000001abe88000 	/usr/lib/libutil.dylib
0x00000001a3498000 	/System/Library/PrivateFrameworks/CoreServicesStore.framework/Versions/A/CoreServicesStore
0x00000001abe8c000 	/usr/lib/libxslt.1.dylib
0x00000001aabda000 	/System/Library/PrivateFrameworks/BackgroundTaskManagement.framework/Versions/A/BackgroundTaskManagement
0x00000001ad124000 	/System/Library/Frameworks/ImageIO.framework/Versions/A/Resources/libRadiance.dylib
0x00000001ad12d000 	/System/Library/Frameworks/ImageIO.framework/Versions/A/Resources/libJPEG.dylib
0x00000001ad080000 	/System/Library/Frameworks/ImageIO.framework/Versions/A/Resources/libPng.dylib
0x00000001ad0a2000 	/System/Library/Frameworks/ImageIO.framework/Versions/A/Resources/libTIFF.dylib
0x00000001ad188000 	/System/Library/Frameworks/ImageIO.framework/Versions/A/Resources/libGIF.dylib
0x00000001acabc000 	/System/Library/Frameworks/ImageIO.framework/Versions/A/Resources/libJP2.dylib
0x00000001ac1de000 	/usr/lib/libexpat.1.dylib
0x00000001aca77000 	/System/Library/PrivateFrameworks/AppleJPEG.framework/Versions/A/AppleJPEG
0x00000001a9599000 	/System/Library/PrivateFrameworks/FontServices.framework/libFontParser.dylib
0x00000001a7217000 	/System/Library/PrivateFrameworks/RunningBoardServices.framework/Versions/A/RunningBoardServices
0x00000001b7a95000 	/System/Library/PrivateFrameworks/IOSurfaceAccelerator.framework/Versions/A/IOSurfaceAccelerator
0x00000001acba8000 	/System/Library/PrivateFrameworks/WatchdogClient.framework/Versions/A/WatchdogClient
0x00000001a1e5e000 	/System/Library/Frameworks/CoreDisplay.framework/Versions/A/CoreDisplay
0x00000001a9483000 	/System/Library/Frameworks/CoreMedia.framework/Versions/A/CoreMedia
0x00000001a9310000 	/System/Library/PrivateFrameworks/IOAccelerator.framework/Versions/A/IOAccelerator
0x00000001a80b0000 	/System/Library/Frameworks/CoreVideo.framework/Versions/A/CoreVideo
0x00000001ab803000 	/System/Library/Frameworks/MetalPerformanceShaders.framework/Versions/A/MetalPerformanceShaders
0x00000001acbe7000 	/System/Library/Frameworks/VideoToolbox.framework/Versions/A/VideoToolbox
0x00000001a715b000 	/System/Library/PrivateFrameworks/BaseBoard.framework/Versions/A/BaseBoard
0x00000001a6ee9000 	/System/Library/PrivateFrameworks/ProtocolBuffer.framework/Versions/A/ProtocolBuffer
0x00000001ad11f000 	/System/Library/PrivateFrameworks/GPUWrangler.framework/Versions/A/GPUWrangler
0x00000001ad0ff000 	/System/Library/PrivateFrameworks/IOPresentment.framework/Versions/A/IOPresentment
0x00000001ad127000 	/System/Library/PrivateFrameworks/DSExternalDisplay.framework/Versions/A/DSExternalDisplay
0x0000000201ece000 	/System/Library/Frameworks/OpenGL.framework/Versions/A/Libraries/libCoreFSCache.dylib
0x000000020c38d000 	/System/Library/PrivateFrameworks/GPUCompiler.framework/Versions/31001/Libraries/libGPUCompilerUtils.dylib
0x00000001ad18d000 	/System/Library/PrivateFrameworks/CMCaptureCore.framework/Versions/A/CMCaptureCore
0x00000001ac78f000 	/System/Library/PrivateFrameworks/AppServerSupport.framework/Versions/A/AppServerSupport
0x00000001aea10000 	/System/Library/PrivateFrameworks/perfdata.framework/Versions/A/perfdata
0x00000001a1f7e000 	/System/Library/PrivateFrameworks/AudioToolboxCore.framework/Versions/A/AudioToolboxCore
0x00000001a945c000 	/System/Library/PrivateFrameworks/caulk.framework/Versions/A/caulk
0x00000001ae305000 	/usr/lib/libAudioStatistics.dylib
0x00000001c025a000 	/System/Library/PrivateFrameworks/SystemPolicy.framework/Versions/A/SystemPolicy
0x00000001ae571000 	/usr/lib/libSMC.dylib
0x00000001b72a4000 	/System/Library/Frameworks/CoreMIDI.framework/Versions/A/CoreMIDI
0x00000001ad04e000 	/usr/lib/libAudioToolboxUtility.dylib
0x00000001bc327000 	/System/Library/PrivateFrameworks/OSAServicesClient.framework/Versions/A/OSAServicesClient
0x00000001aea1d000 	/usr/lib/libperfcheck.dylib
0x00000001c0d72000 	/usr/lib/libmis.dylib
0x0000000201f30000 	/System/Library/Frameworks/OpenGL.framework/Versions/A/Libraries/libGLU.dylib
0x0000000201eef000 	/System/Library/Frameworks/OpenGL.framework/Versions/A/Libraries/libGFXShared.dylib
0x00000002020dc000 	/System/Library/Frameworks/OpenGL.framework/Versions/A/Libraries/libGL.dylib
0x0000000201ef8000 	/System/Library/Frameworks/OpenGL.framework/Versions/A/Libraries/libGLImage.dylib
0x0000000201eec000 	/System/Library/Frameworks/OpenGL.framework/Versions/A/Libraries/libCVMSPluginSupport.dylib
0x0000000201ed5000 	/System/Library/Frameworks/OpenGL.framework/Versions/A/Libraries/libCoreVMClient.dylib
0x00000001aa00d000 	/System/Library/Frameworks/MetalPerformanceShaders.framework/Versions/A/Frameworks/MPSCore.framework/Versions/A/MPSCore
0x00000001ab1b5000 	/System/Library/Frameworks/MetalPerformanceShaders.framework/Versions/A/Frameworks/MPSImage.framework/Versions/A/MPSImage
0x00000001aaca4000 	/System/Library/Frameworks/MetalPerformanceShaders.framework/Versions/A/Frameworks/MPSNeuralNetwork.framework/Versions/A/MPSNeuralNetwork
0x00000001ab0dd000 	/System/Library/Frameworks/MetalPerformanceShaders.framework/Versions/A/Frameworks/MPSMatrix.framework/Versions/A/MPSMatrix
0x00000001aaeb6000 	/System/Library/Frameworks/MetalPerformanceShaders.framework/Versions/A/Frameworks/MPSRayIntersector.framework/Versions/A/MPSRayIntersector
0x00000001ab10e000 	/System/Library/Frameworks/MetalPerformanceShaders.framework/Versions/A/Frameworks/MPSNDArray.framework/Versions/A/MPSNDArray
0x0000000204047000 	/System/Library/Frameworks/MetalPerformanceShaders.framework/Versions/A/Frameworks/MPSFunctions.framework/Versions/A/MPSFunctions
0x00000001a1214000 	/System/Library/PrivateFrameworks/MetalTools.framework/Versions/A/MetalTools
0x00000001aa08b000 	/System/Library/PrivateFrameworks/AggregateDictionary.framework/Versions/A/AggregateDictionary
0x00000001abfc3000 	/usr/lib/libIOReport.dylib
0x00000001b62c2000 	/System/Library/PrivateFrameworks/ASEProcessing.framework/Versions/A/ASEProcessing
0x00000001ac338000 	/System/Library/PrivateFrameworks/FaceCore.framework/Versions/A/FaceCore
0x00000001ac32a000 	/System/Library/PrivateFrameworks/GraphVisualizer.framework/Versions/A/GraphVisualizer
0x000000020c2a4000 	/System/Library/PrivateFrameworks/FontServices.framework/Versions/A/FontServices
0x00000001ac74b000 	/System/Library/PrivateFrameworks/OTSVG.framework/Versions/A/OTSVG
0x00000001a7c7a000 	/System/Library/Frameworks/ApplicationServices.framework/Versions/A/Frameworks/ATS.framework/Versions/A/Resources/libFontRegistry.dylib
0x00000001ac798000 	/System/Library/PrivateFrameworks/FontServices.framework/libhvf.dylib
0x000000020c2a5000 	/System/Library/PrivateFrameworks/FontServices.framework/libXTFontStaticRegistryData.dylib
0x000000020227d000 	/System/Library/Frameworks/OpenCL.framework/Versions/A/OpenCL
0x00000001ac192000 	/System/Library/PrivateFrameworks/AppleVA.framework/Versions/A/AppleVA
0x00000001ae32d000 	/System/Library/Frameworks/ApplicationServices.framework/Versions/A/Frameworks/ATS.framework/Versions/A/ATS
0x00000001a66a7000 	/System/Library/Frameworks/ApplicationServices.framework/Versions/A/Frameworks/HIServices.framework/Versions/A/HIServices
0x00000001ad197000 	/System/Library/Frameworks/ApplicationServices.framework/Versions/A/Frameworks/PrintCore.framework/Versions/A/PrintCore
0x00000001ae6c4000 	/System/Library/Frameworks/ApplicationServices.framework/Versions/A/Frameworks/QD.framework/Versions/A/QD
0x00000001ae6bc000 	/System/Library/Frameworks/ApplicationServices.framework/Versions/A/Frameworks/ColorSyncLegacy.framework/Versions/A/ColorSyncLegacy
0x00000001ae319000 	/System/Library/Frameworks/ApplicationServices.framework/Versions/A/Frameworks/SpeechSynthesis.framework/Versions/A/SpeechSynthesis
0x00000001ad158000 	/System/Library/Frameworks/ApplicationServices.framework/Versions/A/Frameworks/ATSUI.framework/Versions/A/ATSUI
0x00000001ae651000 	/usr/lib/libcups.2.dylib
0x00000001aea2b000 	/System/Library/Frameworks/Kerberos.framework/Versions/A/Kerberos
0x00000001aea3c000 	/System/Library/Frameworks/GSS.framework/Versions/A/GSS
0x00000001ae39d000 	/usr/lib/libresolv.9.dylib
0x00000001ac7a7000 	/System/Library/PrivateFrameworks/Heimdal.framework/Versions/A/Heimdal
0x00000001b54f7000 	/System/Library/Frameworks/Kerberos.framework/Versions/A/Libraries/libHeimdalProxy.dylib
0x00000001a72f5000 	/System/Library/Frameworks/Network.framework/Versions/A/Network
0x00000001ac1f9000 	/usr/lib/libheimdal-asn1.dylib
0x00000001aea8c000 	/System/Library/PrivateFrameworks/CommonAuth.framework/Versions/A/CommonAuth
0x00000001ae293000 	/System/Library/PrivateFrameworks/AudioSession.framework/Versions/A/AudioSession
0x00000001ac28b000 	/System/Library/PrivateFrameworks/MediaExperience.framework/Versions/A/MediaExperience
0x00000001ae119000 	/System/Library/PrivateFrameworks/AudioSession.framework/libSessionUtility.dylib
0x00000001ae6d0000 	/System/Library/PrivateFrameworks/AudioResourceArbitration.framework/Versions/A/AudioResourceArbitration
0x00000001b2886000 	/System/Library/PrivateFrameworks/PowerLog.framework/Versions/A/PowerLog
0x00000001ac203000 	/System/Library/PrivateFrameworks/IconFoundation.framework/Versions/A/IconFoundation
0x00000001b15cf000 	/System/Library/PrivateFrameworks/SpeechRecognitionCore.framework/Versions/A/SpeechRecognitionCore
0x0000000101438000 	/Library/Java/JavaVirtualMachines/jdk-17.0.1.jdk/Contents/Home/lib/server/libjvm.dylib
0x000000010031c000 	/Library/Java/JavaVirtualMachines/jdk-17.0.1.jdk/Contents/Home/lib/libjimage.dylib
0x0000000100348000 	/Library/Java/JavaVirtualMachines/jdk-17.0.1.jdk/Contents/Home/lib/libinstrument.dylib
0x0000000100394000 	/Library/Java/JavaVirtualMachines/jdk-17.0.1.jdk/Contents/Home/lib/libjava.dylib
0x0000000100470000 	/Library/Java/JavaVirtualMachines/jdk-17.0.1.jdk/Contents/Home/lib/libnio.dylib
0x0000000101324000 	/Library/Java/JavaVirtualMachines/jdk-17.0.1.jdk/Contents/Home/lib/libnet.dylib
0x000000010037c000 	/Library/Java/JavaVirtualMachines/jdk-17.0.1.jdk/Contents/Home/lib/libzip.dylib
0x0000000101348000 	/Library/Java/JavaVirtualMachines/jdk-17.0.1.jdk/Contents/Home/lib/libextnet.dylib
0x000000010135c000 	/Users/philosamuel/Documents/javafx-sdk-17.0.1/lib/libprism_es2.dylib
0x00000001a345b000 	/System/Library/PrivateFrameworks/CoreServicesInternal.framework/Versions/A/CoreServicesInternal
0x00000002020e6000 	/System/Library/Frameworks/OpenGL.framework/Versions/A/Resources/GLEngine.bundle/GLEngine
0x0000000201f6e000 	/System/Library/Frameworks/OpenGL.framework/Versions/A/Libraries/libGLProgrammability.dylib
0x000000011ed3c000 	/System/Library/Extensions/AppleMetalOpenGLRenderer.bundle/Contents/MacOS/AppleMetalOpenGLRenderer
0x0000000202255000 	/System/Library/Frameworks/OpenGL.framework/Versions/A/Resources/GLRendererFloat.bundle/GLRendererFloat
0x0000000202355000 	/System/Library/Extensions/AGXMetal13_3.bundle/Contents/MacOS/AGXMetal13_3
0x00000001c0d8e000 	/System/Library/PrivateFrameworks/GPURawCounter.framework/Versions/A/GPURawCounter
0x00000001bb498000 	/System/Library/PrivateFrameworks/IOGPU.framework/Versions/A/IOGPU
0x000000011ef50000 	/Users/philosamuel/Documents/javafx-sdk-17.0.1/lib/libglass.dylib
0x00000001b2ade000 	/System/Library/Frameworks/FileProvider.framework/Versions/A/FileProvider
0x00000001a70c3000 	/System/Library/Frameworks/Accounts.framework/Versions/A/Accounts
0x00000001b2c62000 	/System/Library/PrivateFrameworks/GenerationalStorage.framework/Versions/A/GenerationalStorage
0x00000001b3825000 	/System/Library/PrivateFrameworks/CoreSymbolication.framework/Versions/A/CoreSymbolication
0x00000001b287a000 	/System/Library/PrivateFrameworks/SymptomDiagnosticReporter.framework/Versions/A/SymptomDiagnosticReporter
0x00000001a474b000 	/System/Library/PrivateFrameworks/DesktopServicesPriv.framework/Versions/A/DesktopServicesPriv
0x00000001a35bd000 	/usr/lib/libsandbox.1.dylib
0x00000001a813e000 	/System/Library/PrivateFrameworks/UserManagement.framework/Versions/A/UserManagement
0x00000001b37e2000 	/System/Library/PrivateFrameworks/DebugSymbols.framework/Versions/A/DebugSymbols
0x00000001ae6af000 	/System/Library/PrivateFrameworks/NetAuth.framework/Versions/A/NetAuth
0x00000001af5cd000 	/System/Library/PrivateFrameworks/Sharing.framework/Versions/A/Sharing
0x00000001a810e000 	/System/Library/PrivateFrameworks/login.framework/Versions/A/Frameworks/loginsupport.framework/Versions/A/loginsupport
0x00000001b4a17000 	/System/Library/PrivateFrameworks/Apple80211.framework/Versions/A/Apple80211
0x00000001ab299000 	/System/Library/PrivateFrameworks/AuthKit.framework/Versions/A/AuthKit
0x00000001aa91a000 	/System/Library/PrivateFrameworks/CoreUtils.framework/Versions/A/CoreUtils
0x00000001aa83d000 	/System/Library/Frameworks/CoreWLAN.framework/Versions/A/CoreWLAN
0x00000001af73d000 	/System/Library/Frameworks/IOBluetooth.framework/Versions/A/IOBluetooth
0x00000001b4a77000 	/System/Library/PrivateFrameworks/CoreWiFi.framework/Versions/A/CoreWiFi
0x00000001b33c2000 	/System/Library/PrivateFrameworks/FrontBoardServices.framework/Versions/A/FrontBoardServices
0x00000001b345a000 	/System/Library/PrivateFrameworks/BoardServices.framework/Versions/A/BoardServices
0x00000001aab34000 	/System/Library/PrivateFrameworks/AssertionServices.framework/Versions/A/AssertionServices
0x00000001b4bf4000 	/System/Library/PrivateFrameworks/BackBoardServices.framework/Versions/A/BackBoardServices
0x00000001aeb23000 	/System/Library/PrivateFrameworks/CorePhoneNumbers.framework/Versions/A/CorePhoneNumbers
0x00000001b29aa000 	/System/Library/PrivateFrameworks/DiskManagement.framework/Versions/A/DiskManagement
0x00000001b28ad000 	/System/Library/PrivateFrameworks/AppleIDAuthSupport.framework/Versions/A/AppleIDAuthSupport
0x000000020686e000 	/System/Library/PrivateFrameworks/AAAFoundation.framework/Versions/A/AAAFoundation
0x00000001aeb02000 	/System/Library/PrivateFrameworks/KeychainCircle.framework/Versions/A/KeychainCircle
0x00000001b2976000 	/System/Library/PrivateFrameworks/MediaKit.framework/Versions/A/MediaKit
0x00000001b28ba000 	/System/Library/Frameworks/DiscRecording.framework/Versions/A/DiscRecording
0x00000001ac10e000 	/usr/lib/libCoreStorage.dylib
0x00000001b4ef1000 	/usr/lib/libcsfde.dylib
0x00000001af812000 	/System/Library/PrivateFrameworks/ProtectedCloudStorage.framework/Versions/A/ProtectedCloudStorage
0x00000001b4ee9000 	/System/Library/PrivateFrameworks/EFILogin.framework/Versions/A/EFILogin
0x00000001b2c89000 	/System/Library/PrivateFrameworks/OctagonTrust.framework/Versions/A/OctagonTrust
0x000000020b43f000 	/System/Library/PrivateFrameworks/CoreUtilsExtras.framework/Versions/A/CoreUtilsExtras
0x00000001b27df000 	/System/Library/Frameworks/CoreBluetooth.framework/Versions/A/CoreBluetooth
0x00000001b557c000 	/System/Library/Frameworks/AudioUnit.framework/Versions/A/AudioUnit
0x00000001ac106000 	/usr/lib/libMatch.1.dylib
0x00000001c523a000 	/System/Library/Frameworks/Accelerate.framework/Versions/A/Frameworks/vImage.framework/Versions/A/Libraries/libCGInterfaces.dylib
0x000000012da30000 	/usr/lib/libobjc-trampolines.dylib
0x00000001a7e08000 	/System/Library/PrivateFrameworks/ViewBridge.framework/Versions/A/ViewBridge
0x00000001ac86a000 	/System/Library/PrivateFrameworks/login.framework/Versions/A/login
0x000000012ee3c000 	/Users/philosamuel/Documents/javafx-sdk-17.0.1/lib/libjavafx_font.dylib
0x0000000206f21000 	/System/Library/PrivateFrameworks/AccessibilityBundles.framework/Versions/A/AccessibilityBundles
0x000000021f985000 	/usr/lib/libRosetta.dylib
0x00000001b1cf8000 	/System/Library/PrivateFrameworks/SystemAdministration.framework/Versions/A/SystemAdministration
0x00000001ad39e000 	/System/Library/Frameworks/MediaToolbox.framework/Versions/A/MediaToolbox
0x00000001b1597000 	/System/Library/Frameworks/DirectoryService.framework/Versions/A/DirectoryService
0x00000001b4d7e000 	/System/Library/PrivateFrameworks/DiskImages.framework/Versions/A/DiskImages
0x00000001aabe5000 	/System/Library/Frameworks/ServiceManagement.framework/Versions/A/ServiceManagement
0x00000001b4f67000 	/System/Library/PrivateFrameworks/LoginUIKit.framework/Versions/A/Frameworks/LoginUICore.framework/Versions/A/LoginUICore
0x00000001aca20000 	/usr/lib/libodfde.dylib
0x00000001b2aaa000 	/System/Library/PrivateFrameworks/CoreAVCHD.framework/Versions/A/CoreAVCHD
0x00000001b1cba000 	/System/Library/Frameworks/MediaAccessibility.framework/Versions/A/MediaAccessibility
0x00000001b2aa6000 	/System/Library/PrivateFrameworks/Mangrove.framework/Versions/A/Mangrove
0x00000001b1cc7000 	/System/Library/PrivateFrameworks/AlgosScoreFramework.framework/Versions/A/AlgosScoreFramework
0x000000020852a000 	/System/Library/PrivateFrameworks/CMPhoto.framework/Versions/A/CMPhoto
0x00000001b2a9a000 	/System/Library/PrivateFrameworks/CoreAUC.framework/Versions/A/CoreAUC
0x00000001b4efd000 	/usr/lib/libcurl.4.dylib
0x000000021fd2d000 	/usr/lib/libcrypto.46.dylib
0x00000002201d2000 	/usr/lib/libssl.48.dylib
0x00000001b4c14000 	/System/Library/Frameworks/LDAP.framework/Versions/A/LDAP
0x00000001b4c50000 	/System/Library/PrivateFrameworks/TrustEvaluationAgent.framework/Versions/A/TrustEvaluationAgent
0x00000001ae3b6000 	/usr/lib/libsasl2.2.dylib
0x00000001b1ced000 	/System/Library/PrivateFrameworks/CoreDaemon.framework/Versions/B/CoreDaemon
0x00000001b1ce7000 	/System/Library/PrivateFrameworks/AppleSRP.framework/Versions/A/AppleSRP


VM Arguments:
jvm_args: --module-path=/Users/philosamuel/Documents/javafx-sdk-17.0.1/lib --add-modules=javafx.controls,javafx.fxml -Djava.library.path=/Users/philosamuel/Documents/javafx-sdk-17.0.1/lib -javaagent:/Applications/IntelliJ IDEA.app/Contents/lib/idea_rt.jar=56668:/Applications/IntelliJ IDEA.app/Contents/bin -Dfile.encoding=UTF-8 
java_command: sample.Main
java_class_path (initial): /Users/philosamuel/Downloads/onile bank version 3.0/out/production/onile bank version 3.0:/Users/philosamuel/Documents/javafx-sdk-17.0.1/lib/javafx-swt.jar:/Users/philosamuel/Documents/javafx-sdk-17.0.1/lib/javafx.web.jar:/Users/philosamuel/Documents/javafx-sdk-17.0.1/lib/javafx.base.jar:/Users/philosamuel/Documents/javafx-sdk-17.0.1/lib/javafx.fxml.jar:/Users/philosamuel/Documents/javafx-sdk-17.0.1/lib/javafx.media.jar:/Users/philosamuel/Documents/javafx-sdk-17.0.1/lib/javafx.swing.jar:/Users/philosamuel/Documents/javafx-sdk-17.0.1/lib/javafx.controls.jar:/Users/philosamuel/Documents/javafx-sdk-17.0.1/lib/javafx.graphics.jar
Launcher Type: SUN_STANDARD

[Global flags]
     intx CICompilerCount                          = 4                                         {product} {ergonomic}
     uint ConcGCThreads                            = 2                                         {product} {ergonomic}
     uint G1ConcRefinementThreads                  = 8                                         {product} {ergonomic}
   size_t G1HeapRegionSize                         = 1048576                                   {product} {ergonomic}
    uintx GCDrainStackTargetSize                   = 64                                        {product} {ergonomic}
   size_t InitialHeapSize                          = 134217728                                 {product} {ergonomic}
   size_t MarkStackSize                            = 4194304                                   {product} {ergonomic}
   size_t MaxHeapSize                              = 2147483648                                {product} {ergonomic}
   size_t MaxNewSize                               = 1287651328                                {product} {ergonomic}
   size_t MinHeapDeltaBytes                        = 1048576                                   {product} {ergonomic}
   size_t MinHeapSize                              = 8388608                                   {product} {ergonomic}
    uintx NonNMethodCodeHeapSize                   = 5839564                                {pd product} {ergonomic}
    uintx NonProfiledCodeHeapSize                  = 122909338                              {pd product} {ergonomic}
    uintx ProfiledCodeHeapSize                     = 122909338                              {pd product} {ergonomic}
    uintx ReservedCodeCacheSize                    = 251658240                              {pd product} {ergonomic}
     bool SegmentedCodeCache                       = true                                      {product} {ergonomic}
   size_t SoftMaxHeapSize                          = 2147483648                             {manageable} {ergonomic}
     bool UseCompressedClassPointers               = true                           {product lp64_product} {ergonomic}
     bool UseCompressedOops                        = true                           {product lp64_product} {ergonomic}
     bool UseG1GC                                  = true                                      {product} {ergonomic}
     bool UseNUMA                                  = false                                     {product} {ergonomic}
     bool UseNUMAInterleaving                      = false                                     {product} {ergonomic}

Logging:
Log output configuration:
 #0: stdout all=warning uptime,level,tags
 #1: stderr all=off uptime,level,tags

Environment Variables:
PATH=/Users/philosamuel/opt/anaconda3/bin:/Users/philosamuel/opt/anaconda3/condabin:/Library/Frameworks/Python.framework/Versions/3.10/bin:/opt/homebrew/bin:/opt/homebrew/sbin:/usr/local/bin:/usr/bin:/bin:/usr/sbin:/sbin:/Applications/VMware Fusion Tech Preview.app/Contents/Public:/Library/Apple/usr/bin:/Users/philosamuel/flutterDev/flutter/bin
SHELL=/bin/zsh
LC_CTYPE=en_US.UTF-8

Signal Handlers:
   SIGSEGV: crash_handler in libjvm.dylib, mask=11100110000111110111111111111111, flags=SA_RESTART|SA_SIGINFO
    SIGBUS: crash_handler in libjvm.dylib, mask=11100110000111110111111111111111, flags=SA_RESTART|SA_SIGINFO
    SIGFPE: crash_handler in libjvm.dylib, mask=11100110000111110111111111111111, flags=SA_RESTART|SA_SIGINFO
   SIGPIPE: javaSignalHandler in libjvm.dylib, mask=11100110000111110111111111111111, flags=SA_RESTART|SA_SIGINFO
   SIGXFSZ: javaSignalHandler in libjvm.dylib, mask=11100110000111110111111111111111, flags=SA_RESTART|SA_SIGINFO
    SIGILL: crash_handler in libjvm.dylib, mask=11100110000111110111111111111111, flags=SA_RESTART|SA_SIGINFO
   SIGUSR2: SR_handler in libjvm.dylib, mask=00100000000000000000000000000000, flags=SA_RESTART|SA_SIGINFO
    SIGHUP: UserHandler in libjvm.dylib, mask=11100110000111110111111111111111, flags=SA_RESTART|SA_SIGINFO
    SIGINT: UserHandler in libjvm.dylib, mask=11100110000111110111111111111111, flags=SA_RESTART|SA_SIGINFO
   SIGTERM: UserHandler in libjvm.dylib, mask=11100110000111110111111111111111, flags=SA_RESTART|SA_SIGINFO
   SIGQUIT: UserHandler in libjvm.dylib, mask=11100110000111110111111111111111, flags=SA_RESTART|SA_SIGINFO
   SIGTRAP: crash_handler in libjvm.dylib, mask=11100110000111110111111111111111, flags=SA_RESTART|SA_SIGINFO


---------------  S Y S T E M  ---------------

OS:
uname: Darwin 21.4.0 Darwin Kernel Version 21.4.0: Fri Mar 18 00:47:26 PDT 2022; root:xnu-8020.101.4~15/RELEASE_ARM64_T8101 arm64
OS uptime: 1 days 8:36 hours
rlimit (soft/hard): STACK 8176k/65520k , CORE 0k/infinity , NPROC 1333/2000 , NOFILE 10240/infinity , AS infinity/infinity , CPU infinity/infinity , DATA infinity/infinity , FSIZE infinity/infinity , MEMLOCK infinity/infinity , RSS infinity/infinity
load average: 2.24 2.00 1.76

CPU: total 8 (initial active 8) 0x61:0x0:0x1b588bb3:0, fp, simd, crc, lse

Memory: 16k page, physical 8388608k(109568k free), swap 1048576k(964864k free)

vm_info: Java HotSpot(TM) 64-Bit Server VM (17.0.1+12-LTS-39) for bsd-aarch64 JRE (17.0.1+12-LTS-39), built on Sep 27 2021 17:38:30 by "mach5one" with clang Apple LLVM 12.0.0 (clang-1200.0.32.29)

END.
